{"/home/eric/Documentos/DSI_2022/P05/src/ejercicio-1/combat.class.ts":{"path":"/home/eric/Documentos/DSI_2022/P05/src/ejercicio-1/combat.class.ts","statementMap":{"0":{"start":{"line":2,"column":22},"end":{"line":8,"column":3}},"1":{"start":{"line":3,"column":4},"end":{"line":3,"column":33}},"2":{"start":{"line":3,"column":26},"end":{"line":3,"column":33}},"3":{"start":{"line":4,"column":4},"end":{"line":4,"column":89}},"4":{"start":{"line":4,"column":71},"end":{"line":4,"column":83}},"5":{"start":{"line":6,"column":4},"end":{"line":6,"column":33}},"6":{"start":{"line":6,"column":26},"end":{"line":6,"column":33}},"7":{"start":{"line":7,"column":4},"end":{"line":7,"column":17}},"8":{"start":{"line":9,"column":25},"end":{"line":13,"column":2}},"9":{"start":{"line":10,"column":4},"end":{"line":10,"column":72}},"10":{"start":{"line":12,"column":4},"end":{"line":12,"column":21}},"11":{"start":{"line":14,"column":19},"end":{"line":20,"column":1}},"12":{"start":{"line":15,"column":4},"end":{"line":15,"column":42}},"13":{"start":{"line":15,"column":31},"end":{"line":15,"column":42}},"14":{"start":{"line":16,"column":17},"end":{"line":16,"column":19}},"15":{"start":{"line":17,"column":4},"end":{"line":17,"column":141}},"16":{"start":{"line":17,"column":21},"end":{"line":17,"column":141}},"17":{"start":{"line":17,"column":40},"end":{"line":17,"column":141}},"18":{"start":{"line":17,"column":109},"end":{"line":17,"column":141}},"19":{"start":{"line":18,"column":4},"end":{"line":18,"column":36}},"20":{"start":{"line":19,"column":4},"end":{"line":19,"column":18}},"21":{"start":{"line":21,"column":0},"end":{"line":21,"column":62}},"22":{"start":{"line":22,"column":0},"end":{"line":22,"column":24}},"23":{"start":{"line":23,"column":11},"end":{"line":23,"column":38}},"24":{"start":{"line":45,"column":8},"end":{"line":45,"column":41}},"25":{"start":{"line":46,"column":8},"end":{"line":46,"column":43}},"26":{"start":{"line":49,"column":8},"end":{"line":49,"column":46}},"27":{"start":{"line":51,"column":8},"end":{"line":51,"column":118}},"28":{"start":{"line":53,"column":8},"end":{"line":53,"column":86}},"29":{"start":{"line":54,"column":8},"end":{"line":61,"column":9}},"30":{"start":{"line":55,"column":27},"end":{"line":55,"column":97}},"31":{"start":{"line":56,"column":12},"end":{"line":56,"column":32}},"32":{"start":{"line":59,"column":27},"end":{"line":59,"column":74}},"33":{"start":{"line":60,"column":12},"end":{"line":60,"column":32}},"34":{"start":{"line":62,"column":8},"end":{"line":62,"column":133}},"35":{"start":{"line":63,"column":8},"end":{"line":63,"column":78}},"36":{"start":{"line":65,"column":8},"end":{"line":65,"column":88}},"37":{"start":{"line":66,"column":8},"end":{"line":73,"column":9}},"38":{"start":{"line":67,"column":27},"end":{"line":67,"column":98}},"39":{"start":{"line":68,"column":12},"end":{"line":68,"column":32}},"40":{"start":{"line":71,"column":27},"end":{"line":71,"column":74}},"41":{"start":{"line":72,"column":12},"end":{"line":72,"column":32}},"42":{"start":{"line":75,"column":8},"end":{"line":75,"column":135}},"43":{"start":{"line":76,"column":8},"end":{"line":76,"column":118}},"44":{"start":{"line":79,"column":25},"end":{"line":81,"column":32}},"45":{"start":{"line":82,"column":25},"end":{"line":84,"column":31}},"46":{"start":{"line":85,"column":8},"end":{"line":87,"column":56}},"47":{"start":{"line":90,"column":8},"end":{"line":92,"column":9}},"48":{"start":{"line":91,"column":12},"end":{"line":91,"column":21}},"49":{"start":{"line":93,"column":8},"end":{"line":140,"column":9}},"50":{"start":{"line":95,"column":16},"end":{"line":97,"column":17}},"51":{"start":{"line":96,"column":20},"end":{"line":96,"column":31}},"52":{"start":{"line":98,"column":16},"end":{"line":100,"column":17}},"53":{"start":{"line":99,"column":20},"end":{"line":99,"column":29}},"54":{"start":{"line":101,"column":16},"end":{"line":103,"column":17}},"55":{"start":{"line":102,"column":20},"end":{"line":102,"column":29}},"56":{"start":{"line":104,"column":16},"end":{"line":104,"column":22}},"57":{"start":{"line":106,"column":16},"end":{"line":108,"column":17}},"58":{"start":{"line":107,"column":20},"end":{"line":107,"column":31}},"59":{"start":{"line":109,"column":16},"end":{"line":111,"column":17}},"60":{"start":{"line":110,"column":20},"end":{"line":110,"column":29}},"61":{"start":{"line":112,"column":16},"end":{"line":114,"column":17}},"62":{"start":{"line":113,"column":20},"end":{"line":113,"column":31}},"63":{"start":{"line":115,"column":16},"end":{"line":115,"column":22}},"64":{"start":{"line":117,"column":16},"end":{"line":119,"column":17}},"65":{"start":{"line":118,"column":20},"end":{"line":118,"column":31}},"66":{"start":{"line":120,"column":16},"end":{"line":122,"column":17}},"67":{"start":{"line":121,"column":20},"end":{"line":121,"column":29}},"68":{"start":{"line":123,"column":16},"end":{"line":125,"column":17}},"69":{"start":{"line":124,"column":20},"end":{"line":124,"column":29}},"70":{"start":{"line":126,"column":16},"end":{"line":126,"column":22}},"71":{"start":{"line":128,"column":16},"end":{"line":130,"column":17}},"72":{"start":{"line":129,"column":20},"end":{"line":129,"column":31}},"73":{"start":{"line":131,"column":16},"end":{"line":133,"column":17}},"74":{"start":{"line":132,"column":20},"end":{"line":132,"column":29}},"75":{"start":{"line":134,"column":16},"end":{"line":136,"column":17}},"76":{"start":{"line":135,"column":20},"end":{"line":135,"column":29}},"77":{"start":{"line":137,"column":16},"end":{"line":137,"column":22}},"78":{"start":{"line":139,"column":16},"end":{"line":139,"column":25}},"79":{"start":{"line":141,"column":8},"end":{"line":141,"column":17}},"80":{"start":{"line":144,"column":16},"end":{"line":144,"column":17}},"81":{"start":{"line":145,"column":8},"end":{"line":161,"column":9}},"82":{"start":{"line":147,"column":12},"end":{"line":147,"column":46}},"83":{"start":{"line":148,"column":12},"end":{"line":148,"column":97}},"84":{"start":{"line":149,"column":12},"end":{"line":152,"column":13}},"85":{"start":{"line":151,"column":16},"end":{"line":151,"column":48}},"86":{"start":{"line":153,"column":12},"end":{"line":153,"column":25}},"87":{"start":{"line":154,"column":12},"end":{"line":154,"column":97}},"88":{"start":{"line":155,"column":12},"end":{"line":158,"column":13}},"89":{"start":{"line":157,"column":16},"end":{"line":157,"column":47}},"90":{"start":{"line":159,"column":12},"end":{"line":159,"column":25}},"91":{"start":{"line":160,"column":12},"end":{"line":160,"column":19}},"92":{"start":{"line":162,"column":8},"end":{"line":164,"column":32}},"93":{"start":{"line":167,"column":0},"end":{"line":167,"column":24}}},"fnMap":{"0":{"name":"(anonymous_0)","decl":{"start":{"line":2,"column":74},"end":{"line":2,"column":75}},"loc":{"start":{"line":2,"column":96},"end":{"line":5,"column":1}},"line":2},"1":{"name":"(anonymous_1)","decl":{"start":{"line":4,"column":58},"end":{"line":4,"column":59}},"loc":{"start":{"line":4,"column":69},"end":{"line":4,"column":85}},"line":4},"2":{"name":"(anonymous_2)","decl":{"start":{"line":5,"column":6},"end":{"line":5,"column":7}},"loc":{"start":{"line":5,"column":28},"end":{"line":8,"column":1}},"line":5},"3":{"name":"(anonymous_3)","decl":{"start":{"line":9,"column":80},"end":{"line":9,"column":81}},"loc":{"start":{"line":9,"column":95},"end":{"line":11,"column":1}},"line":9},"4":{"name":"(anonymous_4)","decl":{"start":{"line":11,"column":5},"end":{"line":11,"column":6}},"loc":{"start":{"line":11,"column":20},"end":{"line":13,"column":1}},"line":11},"5":{"name":"(anonymous_5)","decl":{"start":{"line":14,"column":50},"end":{"line":14,"column":51}},"loc":{"start":{"line":14,"column":65},"end":{"line":20,"column":1}},"line":14},"6":{"name":"(anonymous_6)","decl":{"start":{"line":44,"column":4},"end":{"line":44,"column":5}},"loc":{"start":{"line":44,"column":45},"end":{"line":47,"column":5}},"line":44},"7":{"name":"(anonymous_7)","decl":{"start":{"line":48,"column":4},"end":{"line":48,"column":5}},"loc":{"start":{"line":48,"column":12},"end":{"line":77,"column":5}},"line":48},"8":{"name":"(anonymous_8)","decl":{"start":{"line":78,"column":4},"end":{"line":78,"column":5}},"loc":{"start":{"line":78,"column":18},"end":{"line":88,"column":5}},"line":78},"9":{"name":"(anonymous_9)","decl":{"start":{"line":89,"column":4},"end":{"line":89,"column":5}},"loc":{"start":{"line":89,"column":33},"end":{"line":142,"column":5}},"line":89},"10":{"name":"(anonymous_10)","decl":{"start":{"line":143,"column":4},"end":{"line":143,"column":5}},"loc":{"start":{"line":143,"column":12},"end":{"line":165,"column":5}},"line":143}},"branchMap":{"0":{"loc":{"start":{"line":2,"column":22},"end":{"line":8,"column":3}},"type":"binary-expr","locations":[{"start":{"line":2,"column":23},"end":{"line":2,"column":27}},{"start":{"line":2,"column":31},"end":{"line":2,"column":51}},{"start":{"line":2,"column":57},"end":{"line":8,"column":2}}],"line":2},"1":{"loc":{"start":{"line":2,"column":57},"end":{"line":8,"column":2}},"type":"cond-expr","locations":[{"start":{"line":2,"column":74},"end":{"line":5,"column":1}},{"start":{"line":5,"column":6},"end":{"line":8,"column":1}}],"line":2},"2":{"loc":{"start":{"line":3,"column":4},"end":{"line":3,"column":33}},"type":"if","locations":[{"start":{"line":3,"column":4},"end":{"line":3,"column":33}},{"start":{"line":3,"column":4},"end":{"line":3,"column":33}}],"line":3},"3":{"loc":{"start":{"line":6,"column":4},"end":{"line":6,"column":33}},"type":"if","locations":[{"start":{"line":6,"column":4},"end":{"line":6,"column":33}},{"start":{"line":6,"column":4},"end":{"line":6,"column":33}}],"line":6},"4":{"loc":{"start":{"line":9,"column":25},"end":{"line":13,"column":2}},"type":"binary-expr","locations":[{"start":{"line":9,"column":26},"end":{"line":9,"column":30}},{"start":{"line":9,"column":34},"end":{"line":9,"column":57}},{"start":{"line":9,"column":63},"end":{"line":13,"column":1}}],"line":9},"5":{"loc":{"start":{"line":9,"column":63},"end":{"line":13,"column":1}},"type":"cond-expr","locations":[{"start":{"line":9,"column":80},"end":{"line":11,"column":1}},{"start":{"line":11,"column":5},"end":{"line":13,"column":1}}],"line":9},"6":{"loc":{"start":{"line":14,"column":19},"end":{"line":20,"column":1}},"type":"binary-expr","locations":[{"start":{"line":14,"column":20},"end":{"line":14,"column":24}},{"start":{"line":14,"column":28},"end":{"line":14,"column":45}},{"start":{"line":14,"column":50},"end":{"line":20,"column":1}}],"line":14},"7":{"loc":{"start":{"line":15,"column":4},"end":{"line":15,"column":42}},"type":"if","locations":[{"start":{"line":15,"column":4},"end":{"line":15,"column":42}},{"start":{"line":15,"column":4},"end":{"line":15,"column":42}}],"line":15},"8":{"loc":{"start":{"line":15,"column":8},"end":{"line":15,"column":29}},"type":"binary-expr","locations":[{"start":{"line":15,"column":8},"end":{"line":15,"column":11}},{"start":{"line":15,"column":15},"end":{"line":15,"column":29}}],"line":15},"9":{"loc":{"start":{"line":17,"column":4},"end":{"line":17,"column":141}},"type":"if","locations":[{"start":{"line":17,"column":4},"end":{"line":17,"column":141}},{"start":{"line":17,"column":4},"end":{"line":17,"column":141}}],"line":17},"10":{"loc":{"start":{"line":17,"column":40},"end":{"line":17,"column":141}},"type":"if","locations":[{"start":{"line":17,"column":40},"end":{"line":17,"column":141}},{"start":{"line":17,"column":40},"end":{"line":17,"column":141}}],"line":17},"11":{"loc":{"start":{"line":17,"column":44},"end":{"line":17,"column":107}},"type":"binary-expr","locations":[{"start":{"line":17,"column":44},"end":{"line":17,"column":59}},{"start":{"line":17,"column":63},"end":{"line":17,"column":107}}],"line":17},"12":{"loc":{"start":{"line":79,"column":25},"end":{"line":81,"column":32}},"type":"cond-expr","locations":[{"start":{"line":80,"column":14},"end":{"line":80,"column":31}},{"start":{"line":81,"column":14},"end":{"line":81,"column":32}}],"line":79},"13":{"loc":{"start":{"line":82,"column":25},"end":{"line":84,"column":31}},"type":"cond-expr","locations":[{"start":{"line":83,"column":14},"end":{"line":83,"column":32}},{"start":{"line":84,"column":14},"end":{"line":84,"column":31}}],"line":82},"14":{"loc":{"start":{"line":90,"column":8},"end":{"line":92,"column":9}},"type":"if","locations":[{"start":{"line":90,"column":8},"end":{"line":92,"column":9}},{"start":{"line":90,"column":8},"end":{"line":92,"column":9}}],"line":90},"15":{"loc":{"start":{"line":93,"column":8},"end":{"line":140,"column":9}},"type":"switch","locations":[{"start":{"line":94,"column":12},"end":{"line":104,"column":22}},{"start":{"line":105,"column":12},"end":{"line":115,"column":22}},{"start":{"line":116,"column":12},"end":{"line":126,"column":22}},{"start":{"line":127,"column":12},"end":{"line":137,"column":22}},{"start":{"line":138,"column":12},"end":{"line":139,"column":25}}],"line":93},"16":{"loc":{"start":{"line":95,"column":16},"end":{"line":97,"column":17}},"type":"if","locations":[{"start":{"line":95,"column":16},"end":{"line":97,"column":17}},{"start":{"line":95,"column":16},"end":{"line":97,"column":17}}],"line":95},"17":{"loc":{"start":{"line":98,"column":16},"end":{"line":100,"column":17}},"type":"if","locations":[{"start":{"line":98,"column":16},"end":{"line":100,"column":17}},{"start":{"line":98,"column":16},"end":{"line":100,"column":17}}],"line":98},"18":{"loc":{"start":{"line":101,"column":16},"end":{"line":103,"column":17}},"type":"if","locations":[{"start":{"line":101,"column":16},"end":{"line":103,"column":17}},{"start":{"line":101,"column":16},"end":{"line":103,"column":17}}],"line":101},"19":{"loc":{"start":{"line":106,"column":16},"end":{"line":108,"column":17}},"type":"if","locations":[{"start":{"line":106,"column":16},"end":{"line":108,"column":17}},{"start":{"line":106,"column":16},"end":{"line":108,"column":17}}],"line":106},"20":{"loc":{"start":{"line":109,"column":16},"end":{"line":111,"column":17}},"type":"if","locations":[{"start":{"line":109,"column":16},"end":{"line":111,"column":17}},{"start":{"line":109,"column":16},"end":{"line":111,"column":17}}],"line":109},"21":{"loc":{"start":{"line":112,"column":16},"end":{"line":114,"column":17}},"type":"if","locations":[{"start":{"line":112,"column":16},"end":{"line":114,"column":17}},{"start":{"line":112,"column":16},"end":{"line":114,"column":17}}],"line":112},"22":{"loc":{"start":{"line":117,"column":16},"end":{"line":119,"column":17}},"type":"if","locations":[{"start":{"line":117,"column":16},"end":{"line":119,"column":17}},{"start":{"line":117,"column":16},"end":{"line":119,"column":17}}],"line":117},"23":{"loc":{"start":{"line":120,"column":16},"end":{"line":122,"column":17}},"type":"if","locations":[{"start":{"line":120,"column":16},"end":{"line":122,"column":17}},{"start":{"line":120,"column":16},"end":{"line":122,"column":17}}],"line":120},"24":{"loc":{"start":{"line":123,"column":16},"end":{"line":125,"column":17}},"type":"if","locations":[{"start":{"line":123,"column":16},"end":{"line":125,"column":17}},{"start":{"line":123,"column":16},"end":{"line":125,"column":17}}],"line":123},"25":{"loc":{"start":{"line":128,"column":16},"end":{"line":130,"column":17}},"type":"if","locations":[{"start":{"line":128,"column":16},"end":{"line":130,"column":17}},{"start":{"line":128,"column":16},"end":{"line":130,"column":17}}],"line":128},"26":{"loc":{"start":{"line":131,"column":16},"end":{"line":133,"column":17}},"type":"if","locations":[{"start":{"line":131,"column":16},"end":{"line":133,"column":17}},{"start":{"line":131,"column":16},"end":{"line":133,"column":17}}],"line":131},"27":{"loc":{"start":{"line":134,"column":16},"end":{"line":136,"column":17}},"type":"if","locations":[{"start":{"line":134,"column":16},"end":{"line":136,"column":17}},{"start":{"line":134,"column":16},"end":{"line":136,"column":17}}],"line":134},"28":{"loc":{"start":{"line":145,"column":15},"end":{"line":146,"column":51}},"type":"binary-expr","locations":[{"start":{"line":145,"column":15},"end":{"line":145,"column":50}},{"start":{"line":146,"column":15},"end":{"line":146,"column":51}}],"line":145},"29":{"loc":{"start":{"line":149,"column":12},"end":{"line":152,"column":13}},"type":"if","locations":[{"start":{"line":149,"column":12},"end":{"line":152,"column":13}},{"start":{"line":149,"column":12},"end":{"line":152,"column":13}}],"line":149},"30":{"loc":{"start":{"line":149,"column":16},"end":{"line":150,"column":55}},"type":"binary-expr","locations":[{"start":{"line":149,"column":16},"end":{"line":149,"column":51}},{"start":{"line":150,"column":19},"end":{"line":150,"column":55}}],"line":149},"31":{"loc":{"start":{"line":155,"column":12},"end":{"line":158,"column":13}},"type":"if","locations":[{"start":{"line":155,"column":12},"end":{"line":158,"column":13}},{"start":{"line":155,"column":12},"end":{"line":158,"column":13}}],"line":155},"32":{"loc":{"start":{"line":155,"column":16},"end":{"line":156,"column":55}},"type":"binary-expr","locations":[{"start":{"line":155,"column":16},"end":{"line":155,"column":51}},{"start":{"line":156,"column":19},"end":{"line":156,"column":55}}],"line":155},"33":{"loc":{"start":{"line":162,"column":15},"end":{"line":164,"column":31}},"type":"cond-expr","locations":[{"start":{"line":163,"column":14},"end":{"line":163,"column":32}},{"start":{"line":164,"column":14},"end":{"line":164,"column":31}}],"line":162}},"s":{"0":3,"1":303,"2":303,"3":303,"4":0,"5":0,"6":0,"7":0,"8":3,"9":3,"10":0,"11":3,"12":3,"13":0,"14":3,"15":3,"16":3,"17":303,"18":303,"19":3,"20":3,"21":3,"22":3,"23":3,"24":6,"25":6,"26":0,"27":0,"28":0,"29":0,"30":0,"31":0,"32":0,"33":0,"34":0,"35":0,"36":0,"37":0,"38":0,"39":0,"40":0,"41":0,"42":0,"43":0,"44":6,"45":6,"46":6,"47":60,"48":6,"49":54,"50":15,"51":3,"52":12,"53":3,"54":9,"55":6,"56":3,"57":12,"58":3,"59":9,"60":3,"61":6,"62":3,"63":3,"64":12,"65":3,"66":9,"67":3,"68":6,"69":3,"70":3,"71":12,"72":3,"73":9,"74":3,"75":6,"76":3,"77":3,"78":3,"79":12,"80":0,"81":0,"82":0,"83":0,"84":0,"85":0,"86":0,"87":0,"88":0,"89":0,"90":0,"91":0,"92":0,"93":3},"f":{"0":303,"1":0,"2":0,"3":3,"4":0,"5":3,"6":6,"7":0,"8":6,"9":60,"10":0},"b":{"0":[3,3,3],"1":[3,0],"2":[303,0],"3":[0,0],"4":[3,3,3],"5":[3,0],"6":[3,3,3],"7":[0,3],"8":[3,3],"9":[3,0],"10":[303,0],"11":[303,303],"12":[3,3],"13":[3,3],"14":[6,54],"15":[15,12,12,12,3],"16":[3,12],"17":[3,9],"18":[6,3],"19":[3,9],"20":[3,6],"21":[3,3],"22":[3,9],"23":[3,6],"24":[3,3],"25":[3,9],"26":[3,6],"27":[3,3],"28":[0,0],"29":[0,0],"30":[0,0],"31":[0,0],"32":[0,0],"33":[0,0]},"inputSourceMap":{"version":3,"file":"/home/eric/Documentos/DSI_2022/P05/src/ejercicio-1/combat.class.ts","sources":["/home/eric/Documentos/DSI_2022/P05/src/ejercicio-1/combat.class.ts"],"names":[],"mappings":";;;;;;;;;;;;;;;;;;;;;;AAAA,uCAAyB;AAIzB;;;;;;;;;;;;;;;;;;GAkBG;AACH,MAAa,MAAM;IAKjB,YAAY,YAAqB,EAAE,aAAsB;QACvD,IAAI,CAAC,YAAY,GAAG,YAAY,CAAC;QACjC,IAAI,CAAC,aAAa,GAAG,aAAa,CAAC;IACrC,CAAC;IAED,KAAK;QACH,OAAO,CAAC,GAAG,CAAC,wBAAwB,CAAC,CAAC;QACtC,QAAQ;QACR,OAAO,CAAC,GAAG,CAAC,gGAAgG,CAAC,CAAC;QAE9G,iBAAiB;QACjB,OAAO,CAAC,GAAG,CAAC,qBAAqB,IAAI,CAAC,YAAY,CAAC,OAAO,EAAE,CAAC,WAAW,EAAE,EAAE,CAAC,CAAC;QAC9E,IAAI;YACF,MAAM,MAAM,GAAG,EAAE,CAAC,YAAY,CAAC,YAAY,IAAI,CAAC,YAAY,CAAC,OAAO,EAAE,MAAM,EAAE,MAAM,CAAC,CAAC;YACtF,OAAO,CAAC,GAAG,CAAC,MAAM,CAAC,CAAC;SACrB;QAAC,MAAM;YACN,MAAM,MAAM,GAAG,EAAE,CAAC,YAAY,CAAC,sBAAsB,EAAE,MAAM,CAAC,CAAC;YAC/D,OAAO,CAAC,GAAG,CAAC,MAAM,CAAC,CAAC;SACrB;QACD,OAAO,CAAC,GAAG,CAAC,SAAS,IAAI,CAAC,YAAY,CAAC,QAAQ,EAAE,CAAC,CAAC,CAAC,WAAW,KAAK,CAAC,IAAI,CAAC,YAAY,CAAC,QAAQ,EAAE,CAAC,CAAC,CAAC,CAAC,CAAC,IAAI,CAAC,GAAG,CAAC,CAAC,IAAI,CAAC,EAAE,CAAC,GAAG,CAAC,CAAC;QAE7H,OAAO,CAAC,GAAG,CAAC,wDAAwD,CAAC,CAAC;QAEtE,iBAAiB;QACjB,OAAO,CAAC,GAAG,CAAC,sBAAsB,IAAI,CAAC,aAAa,CAAC,OAAO,EAAE,CAAC,WAAW,EAAE,EAAE,CAAC,CAAC;QAChF,IAAI;YACF,MAAM,MAAM,GAAG,EAAE,CAAC,YAAY,CAAC,YAAY,IAAI,CAAC,aAAa,CAAC,OAAO,EAAE,MAAM,EAAE,MAAM,CAAC,CAAC;YACvF,OAAO,CAAC,GAAG,CAAC,MAAM,CAAC,CAAC;SACrB;QAAC,MAAM;YACN,MAAM,MAAM,GAAG,EAAE,CAAC,YAAY,CAAC,sBAAsB,EAAE,MAAM,CAAC,CAAC;YAC/D,OAAO,CAAC,GAAG,CAAC,MAAM,CAAC,CAAC;SACrB;QACD,QAAQ;QACR,OAAO,CAAC,GAAG,CAAC,SAAS,IAAI,CAAC,aAAa,CAAC,QAAQ,EAAE,CAAC,CAAC,CAAC,WAAW,KAAK,CAAC,IAAI,CAAC,aAAa,CAAC,QAAQ,EAAE,CAAC,CAAC,CAAC,CAAC,CAAC,IAAI,CAAC,GAAG,CAAC,CAAC,IAAI,CAAC,EAAE,CAAC,GAAG,CAAC,CAAC;QAC/H,OAAO,CAAC,GAAG,CAAC,gGAAgG,CAAC,CAAC;IAChH,CAAC;IAED,MAAM,CAAC,KAAc;QACnB,MAAM,QAAQ,GAAY,CAAC,IAAI,CAAC,YAAY,KAAK,KAAK,CAAC;YACrD,CAAC,CAAC,IAAI,CAAC,YAAY;YACnB,CAAC,CAAC,IAAI,CAAC,aAAa,CAAC;QACvB,MAAM,QAAQ,GAAY,CAAC,IAAI,CAAC,YAAY,KAAK,KAAK,CAAC;YACrD,CAAC,CAAC,IAAI,CAAC,aAAa;YACpB,CAAC,CAAC,IAAI,CAAC,YAAY,CAAC;QAEtB,QAAQ,CAAC,KAAK,CAAC,QAAQ,CAAC,QAAQ,EAAE,CAAC,CAAC,CAAC,GAAG,EAAE;cACtC,CAAC,QAAQ,CAAC,QAAQ,EAAE,CAAC,CAAC,CAAC,GAAG,QAAQ,CAAC,QAAQ,EAAE,CAAC,CAAC,CAAC,CAAC;cACjD,CAAC,IAAI,CAAC,aAAa,CAAC,QAAQ,EAAE,QAAQ,CAAC,CAAC,CAAC,CAAC;IAChD,CAAC;IAED,aAAa,CAAC,KAAc,EAAE,MAAe;QAC3C,IAAI,KAAK,CAAC,OAAO,EAAE,KAAK,MAAM,CAAC,OAAO,EAAE,EAAE;YAAE,OAAO,CAAC,CAAC;SAAE;QAEvD,QAAQ,KAAK,CAAC,OAAO,EAAE,EAAE;YACvB,KAAK,MAAM;gBACT,IAAI,MAAM,CAAC,OAAO,EAAE,KAAK,OAAO,EAAE;oBAAE,OAAO,GAAG,CAAC;iBAAE;gBACjD,IAAI,MAAM,CAAC,OAAO,EAAE,KAAK,MAAM,EAAE;oBAAE,OAAO,CAAC,CAAC;iBAAE;gBAC9C,IAAI,MAAM,CAAC,OAAO,EAAE,KAAK,UAAU,EAAE;oBAAE,OAAO,CAAC,CAAC;iBAAE;gBAClD,MAAM;YACR,KAAK,OAAO;gBACV,IAAI,MAAM,CAAC,OAAO,EAAE,KAAK,MAAM,EAAE;oBAAE,OAAO,GAAG,CAAC;iBAAE;gBAChD,IAAI,MAAM,CAAC,OAAO,EAAE,KAAK,MAAM,EAAE;oBAAE,OAAO,CAAC,CAAC;iBAAE;gBAC9C,IAAI,MAAM,CAAC,OAAO,EAAE,KAAK,UAAU,EAAE;oBAAE,OAAO,GAAG,CAAC;iBAAE;gBACpD,MAAM;YACR,KAAK,MAAM;gBACT,IAAI,MAAM,CAAC,OAAO,EAAE,KAAK,MAAM,EAAE;oBAAE,OAAO,GAAG,CAAC;iBAAE;gBAChD,IAAI,MAAM,CAAC,OAAO,EAAE,KAAK,OAAO,EAAE;oBAAE,OAAO,CAAC,CAAC;iBAAE;gBAC/C,IAAI,MAAM,CAAC,OAAO,EAAE,KAAK,UAAU,EAAE;oBAAE,OAAO,CAAC,CAAC;iBAAE;gBAClD,MAAM;YACR,KAAK,UAAU;gBACb,IAAI,MAAM,CAAC,OAAO,EAAE,KAAK,MAAM,EAAE;oBAAE,OAAO,GAAG,CAAC;iBAAE;gBAChD,IAAI,MAAM,CAAC,OAAO,EAAE,KAAK,OAAO,EAAE;oBAAE,OAAO,CAAC,CAAC;iBAAE;gBAC/C,IAAI,MAAM,CAAC,OAAO,EAAE,KAAK,MAAM,EAAE;oBAAE,OAAO,CAAC,CAAC;iBAAE;gBAC9C,MAAM;YACR;gBACE,OAAO,CAAC,CAAC;SACZ;QACD,OAAO,CAAC,CAAC;IACX,CAAC;IAED,KAAK;QACH,IAAI,CAAC,GAAW,CAAC,CAAC;QAClB,OAAO,IAAI,CAAC,YAAY,CAAC,QAAQ,EAAE,CAAC,CAAC,CAAC,GAAG,CAAC;eACpC,IAAI,CAAC,aAAa,CAAC,QAAQ,EAAE,CAAC,CAAC,CAAC,GAAG,CAAC,EAAE;YAC1C,OAAO,CAAC,GAAG,CAAC,iBAAiB,CAAC,EAAE,CAAC,CAAC;YAClC,OAAO,CAAC,GAAG,CAAC,GAAG,IAAI,CAAC,YAAY,CAAC,OAAO,EAAE,WAAW,IAAI,CAAC,aAAa,CAAC,OAAO,EAAE,EAAE,CAAC,CAAC;YACrF,IAAI,IAAI,CAAC,YAAY,CAAC,QAAQ,EAAE,CAAC,CAAC,CAAC,GAAG,CAAC;mBACpC,IAAI,CAAC,aAAa,CAAC,QAAQ,EAAE,CAAC,CAAC,CAAC,GAAG,CAAC,EAAE;gBACvC,IAAI,CAAC,MAAM,CAAC,IAAI,CAAC,aAAa,CAAC,CAAC;aACjC;YACD,IAAI,CAAC,KAAK,EAAE,CAAC;YACb,OAAO,CAAC,GAAG,CAAC,GAAG,IAAI,CAAC,aAAa,CAAC,OAAO,EAAE,WAAW,IAAI,CAAC,YAAY,CAAC,OAAO,EAAE,EAAE,CAAC,CAAC;YACrF,IAAI,IAAI,CAAC,YAAY,CAAC,QAAQ,EAAE,CAAC,CAAC,CAAC,GAAG,CAAC;mBACpC,IAAI,CAAC,aAAa,CAAC,QAAQ,EAAE,CAAC,CAAC,CAAC,GAAG,CAAC,EAAE;gBACvC,IAAI,CAAC,MAAM,CAAC,IAAI,CAAC,YAAY,CAAC,CAAC;aAChC;YACD,IAAI,CAAC,KAAK,EAAE,CAAC;YACb,CAAC,IAAI,CAAC,CAAC;SACR;QACD,OAAO,IAAI,CAAC,YAAY,CAAC,QAAQ,EAAE,CAAC,CAAC,CAAC,IAAI,CAAC;YACzC,CAAC,CAAC,IAAI,CAAC,aAAa;YACpB,CAAC,CAAC,IAAI,CAAC,YAAY,CAAC;IACxB,CAAC;CACF;AA5GD,wBA4GC","sourcesContent":["import * as fs from 'fs';\nimport { Pokemon } from './pokemon.class'; // eslint-disable-line\nimport { PokemonPrint, PokemonActions } from './pokemon.interfaces'; // eslint-disable-line\n\n/**\n * # Combat Class | Primary parent class\n *\n * ## Implements\n *\n * - PokemonPrint\n * - PokemonActions\n *\n * ## Features\n *\n * - firstFighter | Pokemon object (defines a Pokemon and it's features)\n * - secondFighter | Pokemon object (defines a Pokemon and it's features)\n *\n * ## Methods\n * - print(void) | Prints current combat status\n * - attack(Pokemon) | Used to attack the pokemon in parameter\n * - effectiveness(Pokemon, Pokemon) | measures effectiveness between pokemon types\n * - start(void) | Starts a fight between two pokemons\n */\nexport class Combat implements PokemonPrint, PokemonActions {\n  private firstFighter: Pokemon;\n\n  private secondFighter: Pokemon;\n\n  constructor(firstFighter: Pokemon, secondFighter: Pokemon) {\n    this.firstFighter = firstFighter;\n    this.secondFighter = secondFighter;\n  }\n\n  print(): void {\n    console.log('\\t\\n\\nCombat status:\\n');\n    // image\n    console.log('\\t__________________________________________________________________________________________\\n');\n\n    // Second fighter\n    console.log(`\\tFirst fighter | ${this.firstFighter.getName().toUpperCase()}`);\n    try {\n      const result = fs.readFileSync(`./images/${this.firstFighter.getName()}.txt`, 'utf8');\n      console.log(result);\n    } catch {\n      const result = fs.readFileSync('./images/unknown.txt', 'utf8');\n      console.log(result);\n    }\n    console.log(`\\tHP: ${this.firstFighter.getStats()[0]} \\t\\t| [${Array(this.firstFighter.getStats()[0]).fill('#').join('')}]`);\n\n    console.log('\\t\\t\\n----------------------------------------------\\n');\n\n    // Second fighter\n    console.log(`\\tSecond fighter | ${this.secondFighter.getName().toUpperCase()}`);\n    try {\n      const result = fs.readFileSync(`./images/${this.secondFighter.getName()}.txt`, 'utf8');\n      console.log(result);\n    } catch {\n      const result = fs.readFileSync('./images/unknown.txt', 'utf8');\n      console.log(result);\n    }\n    // stats\n    console.log(`\\tHP: ${this.secondFighter.getStats()[0]} \\t\\t| [${Array(this.secondFighter.getStats()[0]).fill('#').join('')}]`);\n    console.log('\\t__________________________________________________________________________________________\\n');\n  }\n\n  attack(first: Pokemon): void {\n    const receiver: Pokemon = (this.firstFighter === first)\n      ? this.firstFighter\n      : this.secondFighter;\n    const attacker: Pokemon = (this.firstFighter === first)\n      ? this.secondFighter\n      : this.firstFighter;\n\n    receiver.setHp(receiver.getStats()[0] - 50\n      * (attacker.getStats()[1] / receiver.getStats()[2])\n      * (this.effectiveness(attacker, receiver)));\n  }\n\n  effectiveness(first: Pokemon, second: Pokemon): 1 | 0.5 | 2 {\n    if (first.getType() === second.getType()) { return 1; }\n\n    switch (first.getType()) {\n      case 'fire':\n        if (second.getType() === 'water') { return 0.5; }\n        if (second.getType() === 'leaf') { return 2; }\n        if (second.getType() === 'electric') { return 1; }\n        break;\n      case 'water':\n        if (second.getType() === 'leaf') { return 0.5; }\n        if (second.getType() === 'fire') { return 2; }\n        if (second.getType() === 'electric') { return 0.5; }\n        break;\n      case 'leaf':\n        if (second.getType() === 'fire') { return 0.5; }\n        if (second.getType() === 'water') { return 2; }\n        if (second.getType() === 'electric') { return 1; }\n        break;\n      case 'electric':\n        if (second.getType() === 'fire') { return 0.5; }\n        if (second.getType() === 'water') { return 2; }\n        if (second.getType() === 'leaf') { return 1; }\n        break;\n      default:\n        return 1;\n    }\n    return 1;\n  }\n\n  start(): Pokemon {\n    let i: number = 1;\n    while (this.firstFighter.getStats()[0] > 0\n       && this.secondFighter.getStats()[0] > 0) {\n      console.log(`COMBAT ROUND: ${i}`);\n      console.log(`${this.firstFighter.getName()} attaks ${this.secondFighter.getName()}`);\n      if (this.firstFighter.getStats()[0] > 0\n      && this.secondFighter.getStats()[0] > 0) {\n        this.attack(this.secondFighter);\n      }\n      this.print();\n      console.log(`${this.secondFighter.getName()} attaks ${this.firstFighter.getName()}`);\n      if (this.firstFighter.getStats()[0] > 0\n      && this.secondFighter.getStats()[0] > 0) {\n        this.attack(this.firstFighter);\n      }\n      this.print();\n      i += 1;\n    }\n    return this.firstFighter.getStats()[0] <= 0\n      ? this.secondFighter\n      : this.firstFighter;\n  }\n}\n"]},"_coverageSchema":"1a1c01bbd47fc00a2c39e90264f33305004495a9","hash":"72c80abe756d623d3e9b99f5b012099cf741edf6","contentHash":"c829dbe4ddaf9ada71bf7d677352619be68b26d75f865b076b028e454d89928e"},"/home/eric/Documentos/DSI_2022/P05/src/ejercicio-1/pokemon.class.ts":{"path":"/home/eric/Documentos/DSI_2022/P05/src/ejercicio-1/pokemon.class.ts","statementMap":{"0":{"start":{"line":2,"column":0},"end":{"line":2,"column":62}},"1":{"start":{"line":3,"column":0},"end":{"line":3,"column":25}},"2":{"start":{"line":31,"column":8},"end":{"line":31,"column":39}},"3":{"start":{"line":32,"column":8},"end":{"line":32,"column":27}},"4":{"start":{"line":33,"column":8},"end":{"line":33,"column":25}},"5":{"start":{"line":34,"column":8},"end":{"line":34,"column":27}},"6":{"start":{"line":37,"column":8},"end":{"line":37,"column":25}},"7":{"start":{"line":40,"column":8},"end":{"line":40,"column":54}},"8":{"start":{"line":43,"column":8},"end":{"line":43,"column":25}},"9":{"start":{"line":46,"column":8},"end":{"line":51,"column":10}},"10":{"start":{"line":54,"column":8},"end":{"line":54,"column":30}},"11":{"start":{"line":57,"column":0},"end":{"line":57,"column":26}}},"fnMap":{"0":{"name":"(anonymous_0)","decl":{"start":{"line":25,"column":4},"end":{"line":25,"column":5}},"loc":{"start":{"line":30,"column":7},"end":{"line":35,"column":5}},"line":30},"1":{"name":"(anonymous_1)","decl":{"start":{"line":36,"column":4},"end":{"line":36,"column":5}},"loc":{"start":{"line":36,"column":14},"end":{"line":38,"column":5}},"line":36},"2":{"name":"(anonymous_2)","decl":{"start":{"line":39,"column":4},"end":{"line":39,"column":5}},"loc":{"start":{"line":39,"column":15},"end":{"line":41,"column":5}},"line":39},"3":{"name":"(anonymous_3)","decl":{"start":{"line":42,"column":4},"end":{"line":42,"column":5}},"loc":{"start":{"line":42,"column":14},"end":{"line":44,"column":5}},"line":42},"4":{"name":"(anonymous_4)","decl":{"start":{"line":45,"column":4},"end":{"line":45,"column":5}},"loc":{"start":{"line":45,"column":15},"end":{"line":52,"column":5}},"line":45},"5":{"name":"(anonymous_5)","decl":{"start":{"line":53,"column":4},"end":{"line":53,"column":5}},"loc":{"start":{"line":53,"column":17},"end":{"line":55,"column":5}},"line":53}},"branchMap":{"0":{"loc":{"start":{"line":25,"column":16},"end":{"line":25,"column":25}},"type":"default-arg","locations":[{"start":{"line":25,"column":23},"end":{"line":25,"column":25}}],"line":25},"1":{"loc":{"start":{"line":25,"column":27},"end":{"line":25,"column":42}},"type":"default-arg","locations":[{"start":{"line":25,"column":34},"end":{"line":25,"column":42}}],"line":25},"2":{"loc":{"start":{"line":25,"column":44},"end":{"line":25,"column":76}},"type":"default-arg","locations":[{"start":{"line":25,"column":52},"end":{"line":25,"column":76}}],"line":25},"3":{"loc":{"start":{"line":25,"column":78},"end":{"line":30,"column":5}},"type":"default-arg","locations":[{"start":{"line":25,"column":86},"end":{"line":30,"column":5}}],"line":25}},"s":{"0":3,"1":3,"2":132,"3":132,"4":132,"5":132,"6":21,"7":12,"8":297,"9":57,"10":6,"11":3},"f":{"0":132,"1":21,"2":12,"3":297,"4":57,"5":6},"b":{"0":[3],"1":[3],"2":[111],"3":[111]},"inputSourceMap":{"version":3,"file":"/home/eric/Documentos/DSI_2022/P05/src/ejercicio-1/pokemon.class.ts","sources":["/home/eric/Documentos/DSI_2022/P05/src/ejercicio-1/pokemon.class.ts"],"names":[],"mappings":";;;AAEA;;;;;;;;;;;;;;;;;;;GAmBG;AACH,MAAa,OAAO;IASlB,YACE,OAAe,EAAE,EACjB,OAAoB,QAAQ,EAC5B,QAAkB,EAAE,MAAM,EAAE,CAAC,EAAE,MAAM,EAAE,CAAC,EAAE,EAC1C,QAAe;QACb,EAAE,EAAE,CAAC;QACL,GAAG,EAAE,CAAC;QACN,GAAG,EAAE,CAAC;QACN,GAAG,EAAE,CAAC;KACP;QAED,IAAI,CAAC,IAAI,GAAG,IAAI,CAAC,WAAW,EAAE,CAAC;QAC/B,IAAI,CAAC,KAAK,GAAG,KAAK,CAAC;QACnB,IAAI,CAAC,IAAI,GAAG,IAAI,CAAC;QACjB,IAAI,CAAC,KAAK,GAAG,KAAK,CAAC;IACrB,CAAC;IAED,OAAO;QACL,OAAO,IAAI,CAAC,IAAI,CAAC;IACnB,CAAC;IAED,QAAQ;QACN,OAAO,CAAC,IAAI,CAAC,KAAK,CAAC,MAAM,EAAE,IAAI,CAAC,KAAK,CAAC,MAAM,CAAC,CAAC;IAChD,CAAC;IAED,OAAO;QACL,OAAO,IAAI,CAAC,IAAI,CAAC;IACnB,CAAC;IAED,QAAQ;QACN,OAAO;YACL,IAAI,CAAC,KAAK,CAAC,EAAE;YACb,IAAI,CAAC,KAAK,CAAC,GAAG;YACd,IAAI,CAAC,KAAK,CAAC,GAAG;YACd,IAAI,CAAC,KAAK,CAAC,GAAG;SACf,CAAC;IACJ,CAAC;IAED,KAAK,CAAC,KAAa;QACjB,IAAI,CAAC,KAAK,CAAC,EAAE,GAAG,KAAK,CAAC;IACxB,CAAC;CACF;AAlDD,0BAkDC","sourcesContent":["import { PokemonType, Measures, Stats } from \"./pokemon.interfaces\"; // eslint-disable-line\r\n\r\n/**\r\n * # Pokemon Class | Primary parent class\r\n *\r\n * ## Features\r\n *\r\n * - name | String with pokemon name\r\n * - type | PokemonType (contains pokemon type)\r\n * - shape | Object of numbers (defines the pokemon height and weight in that order)\r\n * - stats | Object of numbers\r\n * (defines the pokemon health points (hp), attack (atk), defense\r\n *  (def)  and speed (spd) in that order)\r\n *\r\n * ## Methods\r\n *\r\n * - getName(void) | Returns String with pokemon name\r\n * - getShape(void) | Returns Object of number with pokemon shape\r\n * - getType(void) | Returns String with pokemon type\r\n * - getStats(void) | Returns Object of number with pokemon stats\r\n * - setHp(number) | Sets pokemon HP to value in parameter\r\n */\r\nexport class Pokemon {\r\n  protected readonly name: string;\r\n\r\n  protected readonly shape: Measures;\r\n\r\n  protected readonly type: PokemonType;\r\n\r\n  protected stats: Stats;\r\n\r\n  constructor(\r\n    name: string = '',\r\n    type: PokemonType = 'normal',\r\n    shape: Measures = { height: 0, weight: 0 },\r\n    stats: Stats = {\r\n      hp: 0,\r\n      atk: 0,\r\n      def: 0,\r\n      spd: 0,\r\n    },\r\n  ) {\r\n    this.name = name.toLowerCase();\r\n    this.shape = shape;\r\n    this.type = type;\r\n    this.stats = stats;\r\n  }\r\n\r\n  getName(): string {\r\n    return this.name;\r\n  }\r\n\r\n  getShape(): [number, number] {\r\n    return [this.shape.height, this.shape.height];\r\n  }\r\n\r\n  getType(): PokemonType {\r\n    return this.type;\r\n  }\r\n\r\n  getStats(): [number, number, number, number] {\r\n    return [\r\n      this.stats.hp,\r\n      this.stats.atk,\r\n      this.stats.def,\r\n      this.stats.spd,\r\n    ];\r\n  }\r\n\r\n  setHp(value: number): void {\r\n    this.stats.hp = value;\r\n  }\r\n}\r\n"]},"_coverageSchema":"1a1c01bbd47fc00a2c39e90264f33305004495a9","hash":"d3580cde2138b434d1fd9f2b96dca71ae3b915a5","contentHash":"2790457ce9b27b48b9c1d0874f11344e68d0ff47172b711b3698001500063cdb"},"/home/eric/Documentos/DSI_2022/P05/src/ejercicio-1/pokedex.class.ts":{"path":"/home/eric/Documentos/DSI_2022/P05/src/ejercicio-1/pokedex.class.ts","statementMap":{"0":{"start":{"line":2,"column":22},"end":{"line":8,"column":3}},"1":{"start":{"line":3,"column":4},"end":{"line":3,"column":33}},"2":{"start":{"line":3,"column":26},"end":{"line":3,"column":33}},"3":{"start":{"line":4,"column":4},"end":{"line":4,"column":89}},"4":{"start":{"line":4,"column":71},"end":{"line":4,"column":83}},"5":{"start":{"line":6,"column":4},"end":{"line":6,"column":33}},"6":{"start":{"line":6,"column":26},"end":{"line":6,"column":33}},"7":{"start":{"line":7,"column":4},"end":{"line":7,"column":17}},"8":{"start":{"line":9,"column":25},"end":{"line":13,"column":2}},"9":{"start":{"line":10,"column":4},"end":{"line":10,"column":72}},"10":{"start":{"line":12,"column":4},"end":{"line":12,"column":21}},"11":{"start":{"line":14,"column":19},"end":{"line":20,"column":1}},"12":{"start":{"line":15,"column":4},"end":{"line":15,"column":42}},"13":{"start":{"line":15,"column":31},"end":{"line":15,"column":42}},"14":{"start":{"line":16,"column":17},"end":{"line":16,"column":19}},"15":{"start":{"line":17,"column":4},"end":{"line":17,"column":141}},"16":{"start":{"line":17,"column":21},"end":{"line":17,"column":141}},"17":{"start":{"line":17,"column":40},"end":{"line":17,"column":141}},"18":{"start":{"line":17,"column":109},"end":{"line":17,"column":141}},"19":{"start":{"line":18,"column":4},"end":{"line":18,"column":36}},"20":{"start":{"line":19,"column":4},"end":{"line":19,"column":18}},"21":{"start":{"line":21,"column":0},"end":{"line":21,"column":62}},"22":{"start":{"line":22,"column":0},"end":{"line":22,"column":25}},"23":{"start":{"line":23,"column":11},"end":{"line":23,"column":38}},"24":{"start":{"line":44,"column":8},"end":{"line":44,"column":25}},"25":{"start":{"line":47,"column":8},"end":{"line":47,"column":38}},"26":{"start":{"line":50,"column":8},"end":{"line":50,"column":68}},"27":{"start":{"line":51,"column":8},"end":{"line":51,"column":80}},"28":{"start":{"line":52,"column":8},"end":{"line":70,"column":11}},"29":{"start":{"line":54,"column":12},"end":{"line":54,"column":122}},"30":{"start":{"line":55,"column":12},"end":{"line":55,"column":75}},"31":{"start":{"line":56,"column":12},"end":{"line":63,"column":13}},"32":{"start":{"line":57,"column":31},"end":{"line":57,"column":91}},"33":{"start":{"line":58,"column":16},"end":{"line":58,"column":36}},"34":{"start":{"line":61,"column":31},"end":{"line":61,"column":78}},"35":{"start":{"line":62,"column":16},"end":{"line":62,"column":36}},"36":{"start":{"line":65,"column":12},"end":{"line":65,"column":117}},"37":{"start":{"line":66,"column":12},"end":{"line":66,"column":118}},"38":{"start":{"line":67,"column":12},"end":{"line":67,"column":120}},"39":{"start":{"line":68,"column":12},"end":{"line":68,"column":118}},"40":{"start":{"line":69,"column":12},"end":{"line":69,"column":122}},"41":{"start":{"line":73,"column":8},"end":{"line":75,"column":9}},"42":{"start":{"line":74,"column":12},"end":{"line":74,"column":25}},"43":{"start":{"line":76,"column":8},"end":{"line":76,"column":35}},"44":{"start":{"line":77,"column":8},"end":{"line":77,"column":20}},"45":{"start":{"line":80,"column":8},"end":{"line":82,"column":9}},"46":{"start":{"line":80,"column":37},"end":{"line":80,"column":72}},"47":{"start":{"line":81,"column":12},"end":{"line":81,"column":25}},"48":{"start":{"line":83,"column":8},"end":{"line":84,"column":65}},"49":{"start":{"line":84,"column":28},"end":{"line":84,"column":63}},"50":{"start":{"line":85,"column":8},"end":{"line":85,"column":20}},"51":{"start":{"line":88,"column":0},"end":{"line":88,"column":26}}},"fnMap":{"0":{"name":"(anonymous_0)","decl":{"start":{"line":2,"column":74},"end":{"line":2,"column":75}},"loc":{"start":{"line":2,"column":96},"end":{"line":5,"column":1}},"line":2},"1":{"name":"(anonymous_1)","decl":{"start":{"line":4,"column":58},"end":{"line":4,"column":59}},"loc":{"start":{"line":4,"column":69},"end":{"line":4,"column":85}},"line":4},"2":{"name":"(anonymous_2)","decl":{"start":{"line":5,"column":6},"end":{"line":5,"column":7}},"loc":{"start":{"line":5,"column":28},"end":{"line":8,"column":1}},"line":5},"3":{"name":"(anonymous_3)","decl":{"start":{"line":9,"column":80},"end":{"line":9,"column":81}},"loc":{"start":{"line":9,"column":95},"end":{"line":11,"column":1}},"line":9},"4":{"name":"(anonymous_4)","decl":{"start":{"line":11,"column":5},"end":{"line":11,"column":6}},"loc":{"start":{"line":11,"column":20},"end":{"line":13,"column":1}},"line":11},"5":{"name":"(anonymous_5)","decl":{"start":{"line":14,"column":50},"end":{"line":14,"column":51}},"loc":{"start":{"line":14,"column":65},"end":{"line":20,"column":1}},"line":14},"6":{"name":"(anonymous_6)","decl":{"start":{"line":43,"column":4},"end":{"line":43,"column":5}},"loc":{"start":{"line":43,"column":27},"end":{"line":45,"column":5}},"line":43},"7":{"name":"(anonymous_7)","decl":{"start":{"line":46,"column":4},"end":{"line":46,"column":5}},"loc":{"start":{"line":46,"column":14},"end":{"line":48,"column":5}},"line":46},"8":{"name":"(anonymous_8)","decl":{"start":{"line":49,"column":4},"end":{"line":49,"column":5}},"loc":{"start":{"line":49,"column":12},"end":{"line":71,"column":5}},"line":49},"9":{"name":"(anonymous_9)","decl":{"start":{"line":52,"column":26},"end":{"line":52,"column":27}},"loc":{"start":{"line":52,"column":42},"end":{"line":70,"column":9}},"line":52},"10":{"name":"(anonymous_10)","decl":{"start":{"line":72,"column":4},"end":{"line":72,"column":5}},"loc":{"start":{"line":72,"column":27},"end":{"line":78,"column":5}},"line":72},"11":{"name":"(anonymous_11)","decl":{"start":{"line":79,"column":4},"end":{"line":79,"column":5}},"loc":{"start":{"line":79,"column":24},"end":{"line":86,"column":5}},"line":79},"12":{"name":"(anonymous_12)","decl":{"start":{"line":80,"column":29},"end":{"line":80,"column":30}},"loc":{"start":{"line":80,"column":37},"end":{"line":80,"column":72}},"line":80},"13":{"name":"(anonymous_13)","decl":{"start":{"line":84,"column":20},"end":{"line":84,"column":21}},"loc":{"start":{"line":84,"column":28},"end":{"line":84,"column":63}},"line":84}},"branchMap":{"0":{"loc":{"start":{"line":2,"column":22},"end":{"line":8,"column":3}},"type":"binary-expr","locations":[{"start":{"line":2,"column":23},"end":{"line":2,"column":27}},{"start":{"line":2,"column":31},"end":{"line":2,"column":51}},{"start":{"line":2,"column":57},"end":{"line":8,"column":2}}],"line":2},"1":{"loc":{"start":{"line":2,"column":57},"end":{"line":8,"column":2}},"type":"cond-expr","locations":[{"start":{"line":2,"column":74},"end":{"line":5,"column":1}},{"start":{"line":5,"column":6},"end":{"line":8,"column":1}}],"line":2},"2":{"loc":{"start":{"line":3,"column":4},"end":{"line":3,"column":33}},"type":"if","locations":[{"start":{"line":3,"column":4},"end":{"line":3,"column":33}},{"start":{"line":3,"column":4},"end":{"line":3,"column":33}}],"line":3},"3":{"loc":{"start":{"line":6,"column":4},"end":{"line":6,"column":33}},"type":"if","locations":[{"start":{"line":6,"column":4},"end":{"line":6,"column":33}},{"start":{"line":6,"column":4},"end":{"line":6,"column":33}}],"line":6},"4":{"loc":{"start":{"line":9,"column":25},"end":{"line":13,"column":2}},"type":"binary-expr","locations":[{"start":{"line":9,"column":26},"end":{"line":9,"column":30}},{"start":{"line":9,"column":34},"end":{"line":9,"column":57}},{"start":{"line":9,"column":63},"end":{"line":13,"column":1}}],"line":9},"5":{"loc":{"start":{"line":9,"column":63},"end":{"line":13,"column":1}},"type":"cond-expr","locations":[{"start":{"line":9,"column":80},"end":{"line":11,"column":1}},{"start":{"line":11,"column":5},"end":{"line":13,"column":1}}],"line":9},"6":{"loc":{"start":{"line":14,"column":19},"end":{"line":20,"column":1}},"type":"binary-expr","locations":[{"start":{"line":14,"column":20},"end":{"line":14,"column":24}},{"start":{"line":14,"column":28},"end":{"line":14,"column":45}},{"start":{"line":14,"column":50},"end":{"line":20,"column":1}}],"line":14},"7":{"loc":{"start":{"line":15,"column":4},"end":{"line":15,"column":42}},"type":"if","locations":[{"start":{"line":15,"column":4},"end":{"line":15,"column":42}},{"start":{"line":15,"column":4},"end":{"line":15,"column":42}}],"line":15},"8":{"loc":{"start":{"line":15,"column":8},"end":{"line":15,"column":29}},"type":"binary-expr","locations":[{"start":{"line":15,"column":8},"end":{"line":15,"column":11}},{"start":{"line":15,"column":15},"end":{"line":15,"column":29}}],"line":15},"9":{"loc":{"start":{"line":17,"column":4},"end":{"line":17,"column":141}},"type":"if","locations":[{"start":{"line":17,"column":4},"end":{"line":17,"column":141}},{"start":{"line":17,"column":4},"end":{"line":17,"column":141}}],"line":17},"10":{"loc":{"start":{"line":17,"column":40},"end":{"line":17,"column":141}},"type":"if","locations":[{"start":{"line":17,"column":40},"end":{"line":17,"column":141}},{"start":{"line":17,"column":40},"end":{"line":17,"column":141}}],"line":17},"11":{"loc":{"start":{"line":17,"column":44},"end":{"line":17,"column":107}},"type":"binary-expr","locations":[{"start":{"line":17,"column":44},"end":{"line":17,"column":59}},{"start":{"line":17,"column":63},"end":{"line":17,"column":107}}],"line":17},"12":{"loc":{"start":{"line":43,"column":16},"end":{"line":43,"column":25}},"type":"default-arg","locations":[{"start":{"line":43,"column":23},"end":{"line":43,"column":25}}],"line":43},"13":{"loc":{"start":{"line":73,"column":8},"end":{"line":75,"column":9}},"type":"if","locations":[{"start":{"line":73,"column":8},"end":{"line":75,"column":9}},{"start":{"line":73,"column":8},"end":{"line":75,"column":9}}],"line":73},"14":{"loc":{"start":{"line":80,"column":8},"end":{"line":82,"column":9}},"type":"if","locations":[{"start":{"line":80,"column":8},"end":{"line":82,"column":9}},{"start":{"line":80,"column":8},"end":{"line":82,"column":9}}],"line":80}},"s":{"0":3,"1":303,"2":303,"3":303,"4":0,"5":0,"6":0,"7":0,"8":3,"9":3,"10":0,"11":3,"12":3,"13":0,"14":3,"15":3,"16":3,"17":303,"18":303,"19":3,"20":3,"21":3,"22":3,"23":3,"24":3,"25":6,"26":0,"27":0,"28":0,"29":0,"30":0,"31":0,"32":0,"33":0,"34":0,"35":0,"36":0,"37":0,"38":0,"39":0,"40":0,"41":9,"42":3,"43":6,"44":6,"45":6,"46":9,"47":3,"48":3,"49":6,"50":3,"51":3},"f":{"0":303,"1":0,"2":0,"3":3,"4":0,"5":3,"6":3,"7":6,"8":0,"9":0,"10":9,"11":6,"12":9,"13":6},"b":{"0":[3,3,3],"1":[3,0],"2":[303,0],"3":[0,0],"4":[3,3,3],"5":[3,0],"6":[3,3,3],"7":[0,3],"8":[3,3],"9":[3,0],"10":[303,0],"11":[303,303],"12":[3],"13":[3,6],"14":[3,3]},"inputSourceMap":{"version":3,"file":"/home/eric/Documentos/DSI_2022/P05/src/ejercicio-1/pokedex.class.ts","sources":["/home/eric/Documentos/DSI_2022/P05/src/ejercicio-1/pokedex.class.ts"],"names":[],"mappings":";;;;;;;;;;;;;;;;;;;;;;AAAA,uCAAyB;AAIzB;;;;;;;;;;;;;;;;;GAiBG;AACH,MAAa,OAAO;IAGlB,YAAY,OAAkB,EAAE;QAC9B,IAAI,CAAC,IAAI,GAAG,IAAI,CAAC;IACnB,CAAC;IAED,OAAO;QACL,OAAO,IAAI,CAAC,IAAI,CAAC,MAAM,KAAK,CAAC,CAAC;IAChC,CAAC;IAED,KAAK;QACH,OAAO,CAAC,GAAG,CAAC,8CAA8C,CAAC,CAAC;QAC5D,OAAO,CAAC,GAAG,CAAC,YAAY,IAAI,CAAC,IAAI,CAAC,MAAM,8BAA8B,CAAC,CAAC;QACxE,IAAI,CAAC,IAAI,CAAC,OAAO,CAAC,CAAC,OAAO,EAAE,CAAC,EAAE,EAAE;YAC/B,QAAQ;YACR,OAAO,CAAC,GAAG,CAAC,gGAAgG,CAAC,CAAC;YAC9G,OAAO,CAAC,GAAG,CAAC,KAAK,CAAC,GAAG,CAAC,MAAM,OAAO,CAAC,OAAO,EAAE,CAAC,WAAW,EAAE,EAAE,CAAC,CAAC;YAC/D,IAAI;gBACF,MAAM,MAAM,GAAG,EAAE,CAAC,YAAY,CAAC,YAAY,OAAO,CAAC,OAAO,EAAE,MAAM,EAAE,MAAM,CAAC,CAAC;gBAC5E,OAAO,CAAC,GAAG,CAAC,MAAM,CAAC,CAAC;aACrB;YAAC,MAAM;gBACN,MAAM,MAAM,GAAG,EAAE,CAAC,YAAY,CAAC,sBAAsB,EAAE,MAAM,CAAC,CAAC;gBAC/D,OAAO,CAAC,GAAG,CAAC,MAAM,CAAC,CAAC;aACrB;YACD,QAAQ;YACR,OAAO,CAAC,GAAG,CAAC,SAAS,OAAO,CAAC,QAAQ,EAAE,CAAC,CAAC,CAAC,WAAW,KAAK,CAAC,OAAO,CAAC,QAAQ,EAAE,CAAC,CAAC,CAAC,CAAC,CAAC,IAAI,CAAC,GAAG,CAAC,CAAC,IAAI,CAAC,EAAE,CAAC,GAAG,CAAC,CAAC;YACzG,OAAO,CAAC,GAAG,CAAC,YAAY,OAAO,CAAC,QAAQ,EAAE,CAAC,CAAC,CAAC,SAAS,KAAK,CAAC,OAAO,CAAC,QAAQ,EAAE,CAAC,CAAC,CAAC,CAAC,CAAC,IAAI,CAAC,GAAG,CAAC,CAAC,IAAI,CAAC,EAAE,CAAC,GAAG,CAAC,CAAC;YAC1G,OAAO,CAAC,GAAG,CAAC,cAAc,OAAO,CAAC,QAAQ,EAAE,CAAC,CAAC,CAAC,SAAS,KAAK,CAAC,OAAO,CAAC,QAAQ,EAAE,CAAC,CAAC,CAAC,CAAC,CAAC,IAAI,CAAC,GAAG,CAAC,CAAC,IAAI,CAAC,EAAE,CAAC,GAAG,CAAC,CAAC;YAC5G,OAAO,CAAC,GAAG,CAAC,YAAY,OAAO,CAAC,QAAQ,EAAE,CAAC,CAAC,CAAC,SAAS,KAAK,CAAC,OAAO,CAAC,QAAQ,EAAE,CAAC,CAAC,CAAC,CAAC,CAAC,IAAI,CAAC,GAAG,CAAC,CAAC,IAAI,CAAC,EAAE,CAAC,GAAG,CAAC,CAAC;YAC1G,OAAO,CAAC,GAAG,CAAC,gGAAgG,CAAC,CAAC;QAChH,CAAC,CAAC,CAAC;IACL,CAAC;IAED,UAAU,CAAC,UAAmB;QAC5B,IAAI,IAAI,CAAC,IAAI,CAAC,QAAQ,CAAC,UAAU,CAAC,EAAE;YAAE,OAAO,KAAK,CAAC;SAAE;QACrD,IAAI,CAAC,IAAI,CAAC,IAAI,CAAC,UAAU,CAAC,CAAC;QAC3B,OAAO,IAAI,CAAC;IACd,CAAC;IAED,aAAa,CAAC,IAAY;QACxB,IAAI,IAAI,CAAC,IAAI,CAAC,MAAM,CAAC,CAAC,EAAE,EAAE,EAAE,CAAC,EAAE,CAAC,OAAO,EAAE,KAAK,IAAI,CAAC,WAAW,EAAE,CAAC,CAAC,MAAM,KAAK,CAAC,EAAE;YAC9E,OAAO,KAAK,CAAC;SACd;QACD,IAAI,CAAC,IAAI,GAAG,IAAI,CAAC,IAAI;aAClB,MAAM,CAAC,CAAC,EAAE,EAAE,EAAE,CAAC,EAAE,CAAC,OAAO,EAAE,KAAK,IAAI,CAAC,WAAW,EAAE,CAAC,CAAC;QACvD,OAAO,IAAI,CAAC;IACd,CAAC;CACF;AAhDD,0BAgDC","sourcesContent":["import * as fs from 'fs';\r\nimport { Pokemon } from './pokemon.class'; // eslint-disable-line\r\nimport { PokemonPrint } from './pokemon.interfaces'; // eslint-disable-line\r\n\r\n/**\r\n * # Pokedex Class | Primary parent class\r\n *\r\n * ## Implements\r\n *\r\n * - PokemonPrint\r\n *\r\n * ## Features\r\n *\r\n * - list | Pokemon object array (defines an array of pokemons)\r\n *\r\n * ## Methods\r\n *\r\n * - isEmpty(void) | Returns true if list is empty\r\n * - print(void) | Prints all pokemon in pokedex and their status\r\n * - addPokemon(Pokemon) | inserts a pokemon in the list if it's not registered\r\n * - removePokemon(String) | removes a pokemon from the list by it's name if it's registered\r\n */\r\nexport class PokeDex implements PokemonPrint {\r\n  private list: Pokemon[];\r\n\r\n  constructor(list: Pokemon[] = []) {\r\n    this.list = list;\r\n  }\r\n\r\n  isEmpty(): boolean {\r\n    return this.list.length === 0;\r\n  }\r\n\r\n  print(): void {\r\n    console.log('\\t\\n\\n\\nPrinting pokedex content ...\\n\\n\\n\\n');\r\n    console.log(`\\tStored ${this.list.length} pokemons in your pokedex \\n`);\r\n    this.list.forEach((pokemon, i) => {\r\n      // image\r\n      console.log('\\t__________________________________________________________________________________________\\n');\r\n      console.log(`\\t${i + 1} | ${pokemon.getName().toUpperCase()}`);\r\n      try {\r\n        const result = fs.readFileSync(`./images/${pokemon.getName()}.txt`, 'utf8');\r\n        console.log(result);\r\n      } catch {\r\n        const result = fs.readFileSync('./images/unknown.txt', 'utf8');\r\n        console.log(result);\r\n      }\r\n      // stats\r\n      console.log(`\\tHP: ${pokemon.getStats()[0]} \\t\\t| [${Array(pokemon.getStats()[0]).fill('#').join('')}]`);\r\n      console.log(`\\tAttak: ${pokemon.getStats()[1]} \\t| [${Array(pokemon.getStats()[1]).fill('#').join('')}]`);\r\n      console.log(`\\tDefense: ${pokemon.getStats()[2]} \\t| [${Array(pokemon.getStats()[2]).fill('#').join('')}]`);\r\n      console.log(`\\tSpeed: ${pokemon.getStats()[3]} \\t| [${Array(pokemon.getStats()[3]).fill('#').join('')}]`);\r\n      console.log('\\t__________________________________________________________________________________________\\n');\r\n    });\r\n  }\r\n\r\n  addPokemon(newPokemon: Pokemon): boolean {\r\n    if (this.list.includes(newPokemon)) { return false; }\r\n    this.list.push(newPokemon);\r\n    return true;\r\n  }\r\n\r\n  removePokemon(name: string): boolean {\r\n    if (this.list.filter((el) => el.getName() === name.toLowerCase()).length === 0) {\r\n      return false;\r\n    }\r\n    this.list = this.list\r\n      .filter((el) => el.getName() !== name.toLowerCase());\r\n    return true;\r\n  }\r\n}\r\n"]},"_coverageSchema":"1a1c01bbd47fc00a2c39e90264f33305004495a9","hash":"42416cc91b4f6738dad400865b85fe3196ebdc43","contentHash":"0cae5efab7095f609b50fff3cb0614e712a2646c4e34288bbccb733e321b702f"},"/home/eric/Documentos/DSI_2022/P05/src/ejercicio-2/connectFourPlayer.class.ts":{"path":"/home/eric/Documentos/DSI_2022/P05/src/ejercicio-2/connectFourPlayer.class.ts","statementMap":{"0":{"start":{"line":2,"column":0},"end":{"line":2,"column":62}},"1":{"start":{"line":3,"column":0},"end":{"line":3,"column":35}},"2":{"start":{"line":4,"column":28},"end":{"line":17,"column":1}},"3":{"start":{"line":18,"column":30},"end":{"line":31,"column":1}},"4":{"start":{"line":55,"column":8},"end":{"line":55,"column":25}},"5":{"start":{"line":56,"column":8},"end":{"line":56,"column":27}},"6":{"start":{"line":57,"column":8},"end":{"line":57,"column":25}},"7":{"start":{"line":59,"column":16},"end":{"line":59,"column":33}},"8":{"start":{"line":60,"column":17},"end":{"line":60,"column":35}},"9":{"start":{"line":61,"column":18},"end":{"line":61,"column":37}},"10":{"start":{"line":63,"column":8},"end":{"line":65,"column":9}},"11":{"start":{"line":64,"column":12},"end":{"line":64,"column":25}},"12":{"start":{"line":66,"column":21},"end":{"line":66,"column":26}},"13":{"start":{"line":68,"column":8},"end":{"line":81,"column":11}},"14":{"start":{"line":69,"column":28},"end":{"line":69,"column":37}},"15":{"start":{"line":71,"column":12},"end":{"line":80,"column":13}},"16":{"start":{"line":72,"column":16},"end":{"line":79,"column":17}},"17":{"start":{"line":78,"column":20},"end":{"line":78,"column":34}},"18":{"start":{"line":83,"column":8},"end":{"line":96,"column":11}},"19":{"start":{"line":84,"column":28},"end":{"line":84,"column":37}},"20":{"start":{"line":86,"column":12},"end":{"line":95,"column":13}},"21":{"start":{"line":87,"column":16},"end":{"line":94,"column":17}},"22":{"start":{"line":93,"column":20},"end":{"line":93,"column":34}},"23":{"start":{"line":98,"column":8},"end":{"line":128,"column":11}},"24":{"start":{"line":101,"column":23},"end":{"line":101,"column":27}},"25":{"start":{"line":102,"column":12},"end":{"line":106,"column":15}},"26":{"start":{"line":103,"column":16},"end":{"line":105,"column":17}},"27":{"start":{"line":104,"column":20},"end":{"line":104,"column":33}},"28":{"start":{"line":107,"column":12},"end":{"line":107,"column":24}},"29":{"start":{"line":110,"column":26},"end":{"line":110,"column":27}},"30":{"start":{"line":111,"column":12},"end":{"line":124,"column":15}},"31":{"start":{"line":112,"column":16},"end":{"line":114,"column":17}},"32":{"start":{"line":113,"column":20},"end":{"line":113,"column":33}},"33":{"start":{"line":115,"column":16},"end":{"line":117,"column":17}},"34":{"start":{"line":116,"column":20},"end":{"line":116,"column":33}},"35":{"start":{"line":118,"column":16},"end":{"line":120,"column":17}},"36":{"start":{"line":119,"column":20},"end":{"line":119,"column":33}},"37":{"start":{"line":121,"column":16},"end":{"line":123,"column":17}},"38":{"start":{"line":122,"column":20},"end":{"line":122,"column":33}},"39":{"start":{"line":125,"column":12},"end":{"line":127,"column":13}},"40":{"start":{"line":126,"column":16},"end":{"line":126,"column":30}},"41":{"start":{"line":130,"column":8},"end":{"line":160,"column":11}},"42":{"start":{"line":133,"column":23},"end":{"line":133,"column":27}},"43":{"start":{"line":134,"column":12},"end":{"line":138,"column":15}},"44":{"start":{"line":135,"column":16},"end":{"line":137,"column":17}},"45":{"start":{"line":136,"column":20},"end":{"line":136,"column":33}},"46":{"start":{"line":139,"column":12},"end":{"line":139,"column":24}},"47":{"start":{"line":142,"column":26},"end":{"line":142,"column":27}},"48":{"start":{"line":143,"column":12},"end":{"line":156,"column":15}},"49":{"start":{"line":144,"column":16},"end":{"line":146,"column":17}},"50":{"start":{"line":145,"column":20},"end":{"line":145,"column":33}},"51":{"start":{"line":147,"column":16},"end":{"line":149,"column":17}},"52":{"start":{"line":148,"column":20},"end":{"line":148,"column":33}},"53":{"start":{"line":150,"column":16},"end":{"line":152,"column":17}},"54":{"start":{"line":151,"column":20},"end":{"line":151,"column":33}},"55":{"start":{"line":153,"column":16},"end":{"line":155,"column":17}},"56":{"start":{"line":154,"column":20},"end":{"line":154,"column":33}},"57":{"start":{"line":157,"column":12},"end":{"line":159,"column":13}},"58":{"start":{"line":158,"column":16},"end":{"line":158,"column":30}},"59":{"start":{"line":161,"column":8},"end":{"line":161,"column":22}},"60":{"start":{"line":164,"column":8},"end":{"line":168,"column":9}},"61":{"start":{"line":165,"column":28},"end":{"line":165,"column":74}},"62":{"start":{"line":167,"column":12},"end":{"line":167,"column":25}},"63":{"start":{"line":169,"column":8},"end":{"line":169,"column":35}},"64":{"start":{"line":170,"column":8},"end":{"line":170,"column":20}},"65":{"start":{"line":173,"column":0},"end":{"line":173,"column":46}}},"fnMap":{"0":{"name":"(anonymous_0)","decl":{"start":{"line":54,"column":4},"end":{"line":54,"column":5}},"loc":{"start":{"line":54,"column":39},"end":{"line":58,"column":5}},"line":54},"1":{"name":"(anonymous_1)","decl":{"start":{"line":59,"column":4},"end":{"line":59,"column":5}},"loc":{"start":{"line":59,"column":14},"end":{"line":59,"column":35}},"line":59},"2":{"name":"(anonymous_2)","decl":{"start":{"line":60,"column":4},"end":{"line":60,"column":5}},"loc":{"start":{"line":60,"column":15},"end":{"line":60,"column":37}},"line":60},"3":{"name":"(anonymous_3)","decl":{"start":{"line":61,"column":4},"end":{"line":61,"column":5}},"loc":{"start":{"line":61,"column":16},"end":{"line":61,"column":39}},"line":61},"4":{"name":"(anonymous_4)","decl":{"start":{"line":62,"column":4},"end":{"line":62,"column":5}},"loc":{"start":{"line":62,"column":15},"end":{"line":162,"column":5}},"line":62},"5":{"name":"(anonymous_5)","decl":{"start":{"line":69,"column":18},"end":{"line":69,"column":19}},"loc":{"start":{"line":69,"column":28},"end":{"line":69,"column":37}},"line":69},"6":{"name":"(anonymous_6)","decl":{"start":{"line":70,"column":21},"end":{"line":70,"column":22}},"loc":{"start":{"line":70,"column":34},"end":{"line":81,"column":9}},"line":70},"7":{"name":"(anonymous_7)","decl":{"start":{"line":84,"column":18},"end":{"line":84,"column":19}},"loc":{"start":{"line":84,"column":28},"end":{"line":84,"column":37}},"line":84},"8":{"name":"(anonymous_8)","decl":{"start":{"line":85,"column":21},"end":{"line":85,"column":22}},"loc":{"start":{"line":85,"column":34},"end":{"line":96,"column":9}},"line":85},"9":{"name":"(anonymous_9)","decl":{"start":{"line":100,"column":20},"end":{"line":100,"column":21}},"loc":{"start":{"line":100,"column":28},"end":{"line":108,"column":9}},"line":100},"10":{"name":"(anonymous_10)","decl":{"start":{"line":102,"column":40},"end":{"line":102,"column":41}},"loc":{"start":{"line":102,"column":54},"end":{"line":106,"column":13}},"line":102},"11":{"name":"(anonymous_11)","decl":{"start":{"line":109,"column":21},"end":{"line":109,"column":22}},"loc":{"start":{"line":109,"column":29},"end":{"line":128,"column":9}},"line":109},"12":{"name":"(anonymous_12)","decl":{"start":{"line":111,"column":32},"end":{"line":111,"column":33}},"loc":{"start":{"line":111,"column":43},"end":{"line":124,"column":13}},"line":111},"13":{"name":"(anonymous_13)","decl":{"start":{"line":132,"column":20},"end":{"line":132,"column":21}},"loc":{"start":{"line":132,"column":28},"end":{"line":140,"column":9}},"line":132},"14":{"name":"(anonymous_14)","decl":{"start":{"line":134,"column":42},"end":{"line":134,"column":43}},"loc":{"start":{"line":134,"column":56},"end":{"line":138,"column":13}},"line":134},"15":{"name":"(anonymous_15)","decl":{"start":{"line":141,"column":21},"end":{"line":141,"column":22}},"loc":{"start":{"line":141,"column":29},"end":{"line":160,"column":9}},"line":141},"16":{"name":"(anonymous_16)","decl":{"start":{"line":143,"column":32},"end":{"line":143,"column":33}},"loc":{"start":{"line":143,"column":43},"end":{"line":156,"column":13}},"line":143},"17":{"name":"(anonymous_17)","decl":{"start":{"line":163,"column":4},"end":{"line":163,"column":5}},"loc":{"start":{"line":163,"column":23},"end":{"line":171,"column":5}},"line":163},"18":{"name":"(anonymous_18)","decl":{"start":{"line":165,"column":20},"end":{"line":165,"column":21}},"loc":{"start":{"line":165,"column":28},"end":{"line":165,"column":74}},"line":165}},"branchMap":{"0":{"loc":{"start":{"line":54,"column":16},"end":{"line":54,"column":25}},"type":"default-arg","locations":[{"start":{"line":54,"column":23},"end":{"line":54,"column":25}}],"line":54},"1":{"loc":{"start":{"line":54,"column":27},"end":{"line":54,"column":37}},"type":"default-arg","locations":[{"start":{"line":54,"column":35},"end":{"line":54,"column":37}}],"line":54},"2":{"loc":{"start":{"line":63,"column":8},"end":{"line":65,"column":9}},"type":"if","locations":[{"start":{"line":63,"column":8},"end":{"line":65,"column":9}},{"start":{"line":63,"column":8},"end":{"line":65,"column":9}}],"line":63},"3":{"loc":{"start":{"line":71,"column":12},"end":{"line":80,"column":13}},"type":"if","locations":[{"start":{"line":71,"column":12},"end":{"line":80,"column":13}},{"start":{"line":71,"column":12},"end":{"line":80,"column":13}}],"line":71},"4":{"loc":{"start":{"line":72,"column":16},"end":{"line":79,"column":17}},"type":"if","locations":[{"start":{"line":72,"column":16},"end":{"line":79,"column":17}},{"start":{"line":72,"column":16},"end":{"line":79,"column":17}}],"line":72},"5":{"loc":{"start":{"line":72,"column":20},"end":{"line":77,"column":81}},"type":"binary-expr","locations":[{"start":{"line":72,"column":21},"end":{"line":72,"column":54}},{"start":{"line":73,"column":23},"end":{"line":73,"column":56}},{"start":{"line":74,"column":23},"end":{"line":74,"column":56}},{"start":{"line":75,"column":25},"end":{"line":75,"column":72}},{"start":{"line":76,"column":28},"end":{"line":76,"column":79}},{"start":{"line":77,"column":28},"end":{"line":77,"column":79}}],"line":72},"6":{"loc":{"start":{"line":86,"column":12},"end":{"line":95,"column":13}},"type":"if","locations":[{"start":{"line":86,"column":12},"end":{"line":95,"column":13}},{"start":{"line":86,"column":12},"end":{"line":95,"column":13}}],"line":86},"7":{"loc":{"start":{"line":87,"column":16},"end":{"line":94,"column":17}},"type":"if","locations":[{"start":{"line":87,"column":16},"end":{"line":94,"column":17}},{"start":{"line":87,"column":16},"end":{"line":94,"column":17}}],"line":87},"8":{"loc":{"start":{"line":87,"column":20},"end":{"line":92,"column":81}},"type":"binary-expr","locations":[{"start":{"line":87,"column":21},"end":{"line":87,"column":54}},{"start":{"line":88,"column":23},"end":{"line":88,"column":56}},{"start":{"line":89,"column":23},"end":{"line":89,"column":56}},{"start":{"line":90,"column":25},"end":{"line":90,"column":72}},{"start":{"line":91,"column":28},"end":{"line":91,"column":79}},{"start":{"line":92,"column":28},"end":{"line":92,"column":79}}],"line":87},"9":{"loc":{"start":{"line":103,"column":16},"end":{"line":105,"column":17}},"type":"if","locations":[{"start":{"line":103,"column":16},"end":{"line":105,"column":17}},{"start":{"line":103,"column":16},"end":{"line":105,"column":17}}],"line":103},"10":{"loc":{"start":{"line":103,"column":20},"end":{"line":103,"column":66}},"type":"binary-expr","locations":[{"start":{"line":103,"column":21},"end":{"line":103,"column":40}},{"start":{"line":103,"column":46},"end":{"line":103,"column":65}}],"line":103},"11":{"loc":{"start":{"line":112,"column":16},"end":{"line":114,"column":17}},"type":"if","locations":[{"start":{"line":112,"column":16},"end":{"line":114,"column":17}},{"start":{"line":112,"column":16},"end":{"line":114,"column":17}}],"line":112},"12":{"loc":{"start":{"line":112,"column":20},"end":{"line":112,"column":64}},"type":"binary-expr","locations":[{"start":{"line":112,"column":21},"end":{"line":112,"column":39}},{"start":{"line":112,"column":45},"end":{"line":112,"column":63}}],"line":112},"13":{"loc":{"start":{"line":115,"column":16},"end":{"line":117,"column":17}},"type":"if","locations":[{"start":{"line":115,"column":16},"end":{"line":117,"column":17}},{"start":{"line":115,"column":16},"end":{"line":117,"column":17}}],"line":115},"14":{"loc":{"start":{"line":115,"column":20},"end":{"line":115,"column":72}},"type":"binary-expr","locations":[{"start":{"line":115,"column":21},"end":{"line":115,"column":43}},{"start":{"line":115,"column":49},"end":{"line":115,"column":71}}],"line":115},"15":{"loc":{"start":{"line":118,"column":16},"end":{"line":120,"column":17}},"type":"if","locations":[{"start":{"line":118,"column":16},"end":{"line":120,"column":17}},{"start":{"line":118,"column":16},"end":{"line":120,"column":17}}],"line":118},"16":{"loc":{"start":{"line":118,"column":20},"end":{"line":118,"column":72}},"type":"binary-expr","locations":[{"start":{"line":118,"column":21},"end":{"line":118,"column":43}},{"start":{"line":118,"column":49},"end":{"line":118,"column":71}}],"line":118},"17":{"loc":{"start":{"line":121,"column":16},"end":{"line":123,"column":17}},"type":"if","locations":[{"start":{"line":121,"column":16},"end":{"line":123,"column":17}},{"start":{"line":121,"column":16},"end":{"line":123,"column":17}}],"line":121},"18":{"loc":{"start":{"line":121,"column":20},"end":{"line":121,"column":72}},"type":"binary-expr","locations":[{"start":{"line":121,"column":21},"end":{"line":121,"column":43}},{"start":{"line":121,"column":49},"end":{"line":121,"column":71}}],"line":121},"19":{"loc":{"start":{"line":125,"column":12},"end":{"line":127,"column":13}},"type":"if","locations":[{"start":{"line":125,"column":12},"end":{"line":127,"column":13}},{"start":{"line":125,"column":12},"end":{"line":127,"column":13}}],"line":125},"20":{"loc":{"start":{"line":135,"column":16},"end":{"line":137,"column":17}},"type":"if","locations":[{"start":{"line":135,"column":16},"end":{"line":137,"column":17}},{"start":{"line":135,"column":16},"end":{"line":137,"column":17}}],"line":135},"21":{"loc":{"start":{"line":135,"column":20},"end":{"line":135,"column":66}},"type":"binary-expr","locations":[{"start":{"line":135,"column":21},"end":{"line":135,"column":40}},{"start":{"line":135,"column":46},"end":{"line":135,"column":65}}],"line":135},"22":{"loc":{"start":{"line":144,"column":16},"end":{"line":146,"column":17}},"type":"if","locations":[{"start":{"line":144,"column":16},"end":{"line":146,"column":17}},{"start":{"line":144,"column":16},"end":{"line":146,"column":17}}],"line":144},"23":{"loc":{"start":{"line":144,"column":20},"end":{"line":144,"column":64}},"type":"binary-expr","locations":[{"start":{"line":144,"column":21},"end":{"line":144,"column":39}},{"start":{"line":144,"column":45},"end":{"line":144,"column":63}}],"line":144},"24":{"loc":{"start":{"line":147,"column":16},"end":{"line":149,"column":17}},"type":"if","locations":[{"start":{"line":147,"column":16},"end":{"line":149,"column":17}},{"start":{"line":147,"column":16},"end":{"line":149,"column":17}}],"line":147},"25":{"loc":{"start":{"line":147,"column":20},"end":{"line":147,"column":72}},"type":"binary-expr","locations":[{"start":{"line":147,"column":21},"end":{"line":147,"column":43}},{"start":{"line":147,"column":49},"end":{"line":147,"column":71}}],"line":147},"26":{"loc":{"start":{"line":150,"column":16},"end":{"line":152,"column":17}},"type":"if","locations":[{"start":{"line":150,"column":16},"end":{"line":152,"column":17}},{"start":{"line":150,"column":16},"end":{"line":152,"column":17}}],"line":150},"27":{"loc":{"start":{"line":150,"column":20},"end":{"line":150,"column":72}},"type":"binary-expr","locations":[{"start":{"line":150,"column":21},"end":{"line":150,"column":43}},{"start":{"line":150,"column":49},"end":{"line":150,"column":71}}],"line":150},"28":{"loc":{"start":{"line":153,"column":16},"end":{"line":155,"column":17}},"type":"if","locations":[{"start":{"line":153,"column":16},"end":{"line":155,"column":17}},{"start":{"line":153,"column":16},"end":{"line":155,"column":17}}],"line":153},"29":{"loc":{"start":{"line":153,"column":20},"end":{"line":153,"column":72}},"type":"binary-expr","locations":[{"start":{"line":153,"column":21},"end":{"line":153,"column":43}},{"start":{"line":153,"column":49},"end":{"line":153,"column":71}}],"line":153},"30":{"loc":{"start":{"line":157,"column":12},"end":{"line":159,"column":13}},"type":"if","locations":[{"start":{"line":157,"column":12},"end":{"line":159,"column":13}},{"start":{"line":157,"column":12},"end":{"line":159,"column":13}}],"line":157},"31":{"loc":{"start":{"line":164,"column":8},"end":{"line":168,"column":9}},"type":"if","locations":[{"start":{"line":164,"column":8},"end":{"line":168,"column":9}},{"start":{"line":164,"column":8},"end":{"line":168,"column":9}}],"line":164},"32":{"loc":{"start":{"line":165,"column":28},"end":{"line":165,"column":74}},"type":"binary-expr","locations":[{"start":{"line":165,"column":29},"end":{"line":165,"column":48}},{"start":{"line":165,"column":54},"end":{"line":165,"column":73}}],"line":165}},"s":{"0":3,"1":3,"2":3,"3":3,"4":24,"5":24,"6":24,"7":21,"8":3,"9":741,"10":33,"11":18,"12":15,"13":15,"14":54,"15":60,"16":15,"17":3,"18":15,"19":54,"20":60,"21":15,"22":3,"23":15,"24":60,"25":60,"26":720,"27":27,"28":60,"29":33,"30":33,"31":132,"32":33,"33":132,"34":12,"35":132,"36":6,"37":132,"38":3,"39":33,"40":3,"41":15,"42":60,"43":60,"44":720,"45":6,"46":60,"47":54,"48":54,"49":216,"50":54,"51":216,"52":9,"53":216,"54":9,"55":216,"56":6,"57":54,"58":3,"59":15,"60":102,"61":183,"62":3,"63":99,"64":99,"65":3},"f":{"0":24,"1":21,"2":3,"3":741,"4":33,"5":54,"6":60,"7":54,"8":60,"9":60,"10":720,"11":33,"12":132,"13":60,"14":720,"15":54,"16":216,"17":102,"18":183},"b":{"0":[18],"1":[18],"2":[18,15],"3":[15,45],"4":[3,12],"5":[15,3,3,3,3,3],"6":[15,45],"7":[3,12],"8":[15,3,3,3,3,3],"9":[27,693],"10":[720,111],"11":[33,99],"12":[132,42],"13":[12,120],"14":[132,21],"15":[6,126],"16":[132,21],"17":[3,129],"18":[132,15],"19":[3,30],"20":[6,714],"21":[720,111],"22":[54,162],"23":[216,90],"24":[9,207],"25":[216,27],"26":[9,207],"27":[216,24],"28":[6,210],"29":[216,15],"30":[3,51],"31":[3,99],"32":[183,21]},"inputSourceMap":{"version":3,"file":"/home/eric/Documentos/DSI_2022/P05/src/ejercicio-2/connectFourPlayer.class.ts","sources":["/home/eric/Documentos/DSI_2022/P05/src/ejercicio-2/connectFourPlayer.class.ts"],"names":[],"mappings":";;;AAEA,MAAM,mBAAmB,GAAY;IACnC,EAAE,CAAC,EAAE,CAAC,EAAE,CAAC,EAAE,CAAC,EAAE;IACd,EAAE,CAAC,EAAE,CAAC,EAAE,CAAC,EAAE,CAAC,EAAE;IACd,EAAE,CAAC,EAAE,CAAC,EAAE,CAAC,EAAE,CAAC,EAAE;IACd,EAAE,CAAC,EAAE,CAAC,EAAE,CAAC,EAAE,CAAC,EAAE;IACd,EAAE,CAAC,EAAE,CAAC,EAAE,CAAC,EAAE,CAAC,EAAE;IACd,EAAE,CAAC,EAAE,CAAC,EAAE,CAAC,EAAE,CAAC,EAAE;IACd,EAAE,CAAC,EAAE,CAAC,EAAE,CAAC,EAAE,CAAC,EAAE;IACd,EAAE,CAAC,EAAE,CAAC,EAAE,CAAC,EAAE,CAAC,EAAE;IACd,EAAE,CAAC,EAAE,CAAC,EAAE,CAAC,EAAE,CAAC,EAAE;IACd,EAAE,CAAC,EAAE,CAAC,EAAE,CAAC,EAAE,CAAC,EAAE;IACd,EAAE,CAAC,EAAE,CAAC,EAAE,CAAC,EAAE,CAAC,EAAE;IACd,EAAE,CAAC,EAAE,CAAC,EAAE,CAAC,EAAE,CAAC,EAAE;CACf,CAAC;AAEF,MAAM,qBAAqB,GAAY;IACrC,EAAE,CAAC,EAAE,CAAC,EAAE,CAAC,EAAE,CAAC,EAAE;IACd,EAAE,CAAC,EAAE,CAAC,EAAE,CAAC,EAAE,CAAC,EAAE;IACd,EAAE,CAAC,EAAE,CAAC,EAAE,CAAC,EAAE,CAAC,EAAE;IACd,EAAE,CAAC,EAAE,CAAC,EAAE,CAAC,EAAE,CAAC,EAAE;IACd,EAAE,CAAC,EAAE,CAAC,EAAE,CAAC,EAAE,CAAC,EAAE;IACd,EAAE,CAAC,EAAE,CAAC,EAAE,CAAC,EAAE,CAAC,EAAE;IACd,EAAE,CAAC,EAAE,CAAC,EAAE,CAAC,EAAE,CAAC,EAAE;IACd,EAAE,CAAC,EAAE,CAAC,EAAE,CAAC,EAAE,CAAC,EAAE;IACd,EAAE,CAAC,EAAE,CAAC,EAAE,CAAC,EAAE,CAAC,EAAE;IACd,EAAE,CAAC,EAAE,CAAC,EAAE,CAAC,EAAE,CAAC,EAAE;IACd,EAAE,CAAC,EAAE,CAAC,EAAE,CAAC,EAAE,CAAC,EAAE;IACd,EAAE,CAAC,EAAE,CAAC,EAAE,CAAC,EAAE,CAAC,EAAE;CACf,CAAC;AAEF;;;;;;;;;;;;;;;;;;;;GAoBG;AAEH,MAAa,iBAAiB;IAO5B,YAAY,OAAe,EAAE,EAAE,QAAgB,EAAE;QAC/C,IAAI,CAAC,IAAI,GAAG,IAAI,CAAC;QACjB,IAAI,CAAC,KAAK,GAAG,KAAK,CAAC;QACnB,IAAI,CAAC,MAAM,GAAG,EAAE,CAAC;IACnB,CAAC;IAED,OAAO,KAAa,OAAO,IAAI,CAAC,IAAI,CAAC,CAAC,CAAC;IAEvC,QAAQ,KAAa,OAAO,IAAI,CAAC,KAAK,CAAC,CAAC,CAAC;IAEzC,SAAS,KAAc,OAAO,IAAI,CAAC,MAAM,CAAC,CAAC,CAAC;IAE5C,QAAQ;QACN,IAAI,IAAI,CAAC,MAAM,CAAC,MAAM,GAAG,CAAC,EAAE;YAAE,OAAO,KAAK,CAAC;SAAE;QAC7C,IAAI,MAAM,GAAY,KAAK,CAAC;QAC5B,mBAAmB;QACnB,IAAI,CAAC,MAAM;aACR,IAAI,CAAC,CAAC,CAAC,EAAE,CAAC,EAAE,EAAE,CAAC,CAAC,CAAC,CAAC,GAAG,CAAC,CAAC,CAAC,CAAC;aACzB,OAAO,CAAC,CAAC,EAAE,EAAE,GAAG,EAAE,EAAE;YACnB,IAAI,GAAG,GAAG,IAAI,CAAC,MAAM,CAAC,MAAM,GAAG,CAAC,EAAE;gBAChC,IAAI,CAAC,CAAC,EAAE,CAAC,CAAC,CAAC,KAAK,IAAI,CAAC,MAAM,CAAC,GAAG,GAAG,CAAC,CAAC,CAAC,CAAC;uBACjC,CAAC,EAAE,CAAC,CAAC,CAAC,KAAK,IAAI,CAAC,MAAM,CAAC,GAAG,GAAG,CAAC,CAAC,CAAC,CAAC;uBACjC,CAAC,EAAE,CAAC,CAAC,CAAC,KAAK,IAAI,CAAC,MAAM,CAAC,GAAG,GAAG,CAAC,CAAC,CAAC,CAAC,CAAC;uBAClC,CAAC,CAAC,IAAI,CAAC,GAAG,CAAC,CAAC,EAAE,CAAC,CAAC,CAAC,GAAG,IAAI,CAAC,MAAM,CAAC,GAAG,GAAG,CAAC,CAAC,CAAC,CAAC,CAAC,KAAK,CAAC,CAAC;2BAClD,CAAC,IAAI,CAAC,GAAG,CAAC,CAAC,EAAE,CAAC,CAAC,GAAG,CAAC,CAAC,GAAG,IAAI,CAAC,MAAM,CAAC,GAAG,GAAG,CAAC,CAAC,CAAC,CAAC,CAAC,KAAK,CAAC,CAAC;2BACrD,CAAC,IAAI,CAAC,GAAG,CAAC,CAAC,EAAE,CAAC,CAAC,GAAG,CAAC,CAAC,GAAG,IAAI,CAAC,MAAM,CAAC,GAAG,GAAG,CAAC,CAAC,CAAC,CAAC,CAAC,KAAK,CAAC,CAAC,CAAC,EAAE;oBAC3D,MAAM,GAAG,IAAI,CAAC;iBACf;aACF;QACH,CAAC,CAAC,CAAC;QACL,iBAAiB;QACjB,IAAI,CAAC,MAAM;aACR,IAAI,CAAC,CAAC,CAAC,EAAE,CAAC,EAAE,EAAE,CAAC,CAAC,CAAC,CAAC,GAAG,CAAC,CAAC,CAAC,CAAC;aACzB,OAAO,CAAC,CAAC,EAAE,EAAE,GAAG,EAAE,EAAE;YACnB,IAAI,GAAG,GAAG,IAAI,CAAC,MAAM,CAAC,MAAM,GAAG,CAAC,EAAE;gBAChC,IAAI,CAAC,CAAC,EAAE,CAAC,CAAC,CAAC,KAAK,IAAI,CAAC,MAAM,CAAC,GAAG,GAAG,CAAC,CAAC,CAAC,CAAC;uBACjC,CAAC,EAAE,CAAC,CAAC,CAAC,KAAK,IAAI,CAAC,MAAM,CAAC,GAAG,GAAG,CAAC,CAAC,CAAC,CAAC;uBACjC,CAAC,EAAE,CAAC,CAAC,CAAC,KAAK,IAAI,CAAC,MAAM,CAAC,GAAG,GAAG,CAAC,CAAC,CAAC,CAAC,CAAC;uBAClC,CAAC,CAAC,IAAI,CAAC,GAAG,CAAC,CAAC,EAAE,CAAC,CAAC,CAAC,GAAG,IAAI,CAAC,MAAM,CAAC,GAAG,GAAG,CAAC,CAAC,CAAC,CAAC,CAAC,KAAK,CAAC,CAAC;2BAClD,CAAC,IAAI,CAAC,GAAG,CAAC,CAAC,EAAE,CAAC,CAAC,GAAG,CAAC,CAAC,GAAG,IAAI,CAAC,MAAM,CAAC,GAAG,GAAG,CAAC,CAAC,CAAC,CAAC,CAAC,KAAK,CAAC,CAAC;2BACrD,CAAC,IAAI,CAAC,GAAG,CAAC,CAAC,EAAE,CAAC,CAAC,GAAG,CAAC,CAAC,GAAG,IAAI,CAAC,MAAM,CAAC,GAAG,GAAG,CAAC,CAAC,CAAC,CAAC,CAAC,KAAK,CAAC,CAAC,CAAC,EAAE;oBAC3D,MAAM,GAAG,IAAI,CAAC;iBACf;aACF;QACH,CAAC,CAAC,CAAC;QAEL,oBAAoB;QACpB,IAAI,CAAC,MAAM;YACT,kCAAkC;aACjC,MAAM,CAAC,CAAC,EAAE,EAAE,EAAE;YACb,IAAI,IAAI,GAAY,IAAI,CAAC;YACzB,mBAAmB,CAAC,OAAO,CAAC,CAAC,QAAQ,EAAE,EAAE;gBACvC,IAAI,CAAC,QAAQ,CAAC,CAAC,KAAK,EAAE,CAAC,CAAC,CAAC,IAAI,CAAC,QAAQ,CAAC,CAAC,KAAK,EAAE,CAAC,CAAC,CAAC,EAAE;oBAClD,IAAI,GAAG,KAAK,CAAC;iBACd;YACH,CAAC,CAAC,CAAC;YACH,OAAO,IAAI,CAAC;QACd,CAAC,CAAC;aACD,OAAO,CAAC,CAAC,EAAE,EAAE,EAAE;YACd,IAAI,OAAO,GAAW,CAAC,CAAC;YACxB,IAAI,CAAC,MAAM,CAAC,OAAO,CAAC,CAAC,KAAK,EAAE,EAAE;gBAC5B,IAAI,CAAC,KAAK,CAAC,CAAC,KAAK,CAAC,EAAE,CAAC,CAAC,CAAC,CAAC,IAAI,CAAC,KAAK,CAAC,CAAC,KAAK,CAAC,EAAE,CAAC,CAAC,CAAC,CAAC,EAAE;oBAChD,OAAO,IAAI,CAAC,CAAC;iBACd;gBACD,IAAI,CAAC,KAAK,CAAC,CAAC,KAAK,CAAC,EAAE,CAAC,CAAC,GAAG,CAAC,CAAC,CAAC,IAAI,CAAC,KAAK,CAAC,CAAC,KAAK,CAAC,EAAE,CAAC,CAAC,GAAG,CAAC,CAAC,CAAC,EAAE;oBACxD,OAAO,IAAI,CAAC,CAAC;iBACd;gBACD,IAAI,CAAC,KAAK,CAAC,CAAC,KAAK,CAAC,EAAE,CAAC,CAAC,GAAG,CAAC,CAAC,CAAC,IAAI,CAAC,KAAK,CAAC,CAAC,KAAK,CAAC,EAAE,CAAC,CAAC,GAAG,CAAC,CAAC,CAAC,EAAE;oBACxD,OAAO,IAAI,CAAC,CAAC;iBACd;gBACD,IAAI,CAAC,KAAK,CAAC,CAAC,KAAK,CAAC,EAAE,CAAC,CAAC,GAAG,CAAC,CAAC,CAAC,IAAI,CAAC,KAAK,CAAC,CAAC,KAAK,CAAC,EAAE,CAAC,CAAC,GAAG,CAAC,CAAC,CAAC,EAAE;oBACxD,OAAO,IAAI,CAAC,CAAC;iBACd;YACH,CAAC,CAAC,CAAC;YACH,IAAI,OAAO,KAAK,CAAC,EAAE;gBAAE,MAAM,GAAG,IAAI,CAAC;aAAE;QACvC,CAAC,CAAC,CAAC;QAEL,sBAAsB;QACtB,IAAI,CAAC,MAAM;YACT,kCAAkC;aACjC,MAAM,CAAC,CAAC,EAAE,EAAE,EAAE;YACb,IAAI,IAAI,GAAY,IAAI,CAAC;YACzB,qBAAqB,CAAC,OAAO,CAAC,CAAC,QAAQ,EAAE,EAAE;gBACzC,IAAI,CAAC,QAAQ,CAAC,CAAC,KAAK,EAAE,CAAC,CAAC,CAAC,IAAI,CAAC,QAAQ,CAAC,CAAC,KAAK,EAAE,CAAC,CAAC,CAAC,EAAE;oBAClD,IAAI,GAAG,KAAK,CAAC;iBACd;YACH,CAAC,CAAC,CAAC;YACH,OAAO,IAAI,CAAC;QACd,CAAC,CAAC;aACD,OAAO,CAAC,CAAC,EAAE,EAAE,EAAE;YACd,IAAI,OAAO,GAAW,CAAC,CAAC;YACxB,IAAI,CAAC,MAAM,CAAC,OAAO,CAAC,CAAC,KAAK,EAAE,EAAE;gBAC5B,IAAI,CAAC,KAAK,CAAC,CAAC,KAAK,CAAC,EAAE,CAAC,CAAC,CAAC,CAAC,IAAI,CAAC,KAAK,CAAC,CAAC,KAAK,CAAC,EAAE,CAAC,CAAC,CAAC,CAAC,EAAE;oBAChD,OAAO,IAAI,CAAC,CAAC;iBACd;gBACD,IAAI,CAAC,KAAK,CAAC,CAAC,KAAK,CAAC,EAAE,CAAC,CAAC,GAAG,CAAC,CAAC,CAAC,IAAI,CAAC,KAAK,CAAC,CAAC,KAAK,CAAC,EAAE,CAAC,CAAC,GAAG,CAAC,CAAC,CAAC,EAAE;oBACxD,OAAO,IAAI,CAAC,CAAC;iBACd;gBACD,IAAI,CAAC,KAAK,CAAC,CAAC,KAAK,CAAC,EAAE,CAAC,CAAC,GAAG,CAAC,CAAC,CAAC,IAAI,CAAC,KAAK,CAAC,CAAC,KAAK,CAAC,EAAE,CAAC,CAAC,GAAG,CAAC,CAAC,CAAC,EAAE;oBACxD,OAAO,IAAI,CAAC,CAAC;iBACd;gBACD,IAAI,CAAC,KAAK,CAAC,CAAC,KAAK,CAAC,EAAE,CAAC,CAAC,GAAG,CAAC,CAAC,CAAC,IAAI,CAAC,KAAK,CAAC,CAAC,KAAK,CAAC,EAAE,CAAC,CAAC,GAAG,CAAC,CAAC,CAAC,EAAE;oBACxD,OAAO,IAAI,CAAC,CAAC;iBACd;YACH,CAAC,CAAC,CAAC;YACH,IAAI,OAAO,KAAK,CAAC,EAAE;gBAAE,MAAM,GAAG,IAAI,CAAC;aAAE;QACvC,CAAC,CAAC,CAAC;QACL,OAAO,MAAM,CAAC;IAChB,CAAC;IAED,QAAQ,CAAC,QAAe;QACtB,IAAI,IAAI,CAAC,MAAM;aACZ,MAAM,CAAC,CAAC,EAAE,EAAE,EAAE,CAAC,CAAC,EAAE,CAAC,CAAC,KAAK,QAAQ,CAAC,CAAC,CAAC,IAAI,CAAC,EAAE,CAAC,CAAC,KAAK,QAAQ,CAAC,CAAC,CAAC,CAAC;aAC9D,MAAM,GAAG,CAAC,EAAE;YACb,OAAO,KAAK,CAAC;SACd;QACD,IAAI,CAAC,MAAM,CAAC,IAAI,CAAC,QAAQ,CAAC,CAAC;QAC3B,OAAO,IAAI,CAAC;IACd,CAAC;CACF;AA9HD,8CA8HC","sourcesContent":["import { Token, GameStatus } from \"./game.interfaces\"; // eslint-disable-line\n\nconst forbidenUpDiagonals: Token[] = [\n  { i: 0, j: 0 },\n  { i: 0, j: 1 },\n  { i: 0, j: 2 },\n  { i: 1, j: 0 },\n  { i: 1, j: 1 },\n  { i: 2, j: 0 },\n  { i: 5, j: 4 },\n  { i: 5, j: 5 },\n  { i: 5, j: 6 },\n  { i: 4, j: 5 },\n  { i: 4, j: 6 },\n  { i: 3, j: 6 },\n];\n\nconst forbidenDownDiagonals: Token[] = [\n  { i: 0, j: 4 },\n  { i: 0, j: 5 },\n  { i: 0, j: 6 },\n  { i: 1, j: 5 },\n  { i: 1, j: 6 },\n  { i: 2, j: 6 },\n  { i: 5, j: 0 },\n  { i: 5, j: 1 },\n  { i: 5, j: 2 },\n  { i: 4, j: 0 },\n  { i: 4, j: 1 },\n  { i: 3, j: 0 },\n];\n\n/**\n * # Connect four player Class | Primary parent class\n *\n * ## Implements\n *\n * - GameStatus\n *\n * ## Features\n *\n * - name | String (stores player name)\n * - color | String (stores player custom color)\n * - tokens | Array of tokens (marks tokens positions in the board)\n *\n * ## Methods\n *\n * - getName(void) | Returns player name\n * - getcolor(void) | Returns player color\n * - getTokens(void) | Returns player array of played tokens\n * - isWinner(void) | Returns true if player wins connecting four tokens\n * - makeMove(position: Token) | stores new token in played tokens\n */\n\nexport class ConnectFourPlayer implements GameStatus {\n  private name: string;\n\n  private color: string;\n\n  private tokens: Token[];\n\n  constructor(name: string = '', color: string = '') {\n    this.name = name;\n    this.color = color;\n    this.tokens = [];\n  }\n\n  getName(): string { return this.name; }\n\n  getColor(): string { return this.color; }\n\n  getTokens(): Token[] { return this.tokens; }\n\n  isWinner(): boolean {\n    if (this.tokens.length < 4) { return false; }\n    let status: boolean = false;\n    // check horizontal\n    this.tokens\n      .sort((a, b) => a.i - b.i)\n      .forEach((el, pos) => {\n        if (pos < this.tokens.length - 3) {\n          if (((el.i) === this.tokens[pos + 1].i\n            && (el.i) === this.tokens[pos + 2].i\n            && (el.i) === this.tokens[pos + 3].i)\n            && ((Math.abs((el.j) - this.tokens[pos + 1].j) === 1)\n            && (Math.abs((el.j + 1) - this.tokens[pos + 2].j) === 1)\n            && (Math.abs((el.j + 2) - this.tokens[pos + 3].j) === 1))) {\n            status = true;\n          }\n        }\n      });\n    // check vertical\n    this.tokens\n      .sort((a, b) => a.j - b.j)\n      .forEach((el, pos) => {\n        if (pos < this.tokens.length - 3) {\n          if (((el.j) === this.tokens[pos + 1].j\n            && (el.j) === this.tokens[pos + 2].j\n            && (el.j) === this.tokens[pos + 3].j)\n            && ((Math.abs((el.i) - this.tokens[pos + 1].i) === 1)\n            && (Math.abs((el.i + 1) - this.tokens[pos + 2].i) === 1)\n            && (Math.abs((el.i + 2) - this.tokens[pos + 3].i) === 1))) {\n            status = true;\n          }\n        }\n      });\n\n    // check up diagonal\n    this.tokens\n      // Only up diagonal allowed tokens\n      .filter((el) => {\n        let pass: boolean = true;\n        forbidenUpDiagonals.forEach((forbiden) => {\n          if ((forbiden.i === el.i) && (forbiden.j === el.j)) {\n            pass = false;\n          }\n        });\n        return pass;\n      })\n      .forEach((el) => {\n        let counter: number = 0;\n        this.tokens.forEach((token) => {\n          if ((token.i === (el.i)) && (token.j === (el.j))) {\n            counter += 1;\n          }\n          if ((token.i === (el.i - 1)) && (token.j === (el.j + 1))) {\n            counter += 1;\n          }\n          if ((token.i === (el.i - 2)) && (token.j === (el.j + 2))) {\n            counter += 1;\n          }\n          if ((token.i === (el.i - 3)) && (token.j === (el.j + 3))) {\n            counter += 1;\n          }\n        });\n        if (counter === 4) { status = true; }\n      });\n\n    // Check down diagonal\n    this.tokens\n      // Only up diagonal allowed tokens\n      .filter((el) => {\n        let pass: boolean = true;\n        forbidenDownDiagonals.forEach((forbiden) => {\n          if ((forbiden.i === el.i) && (forbiden.j === el.j)) {\n            pass = false;\n          }\n        });\n        return pass;\n      })\n      .forEach((el) => {\n        let counter: number = 0;\n        this.tokens.forEach((token) => {\n          if ((token.i === (el.i)) && (token.j === (el.j))) {\n            counter += 1;\n          }\n          if ((token.i === (el.i + 1)) && (token.j === (el.j + 1))) {\n            counter += 1;\n          }\n          if ((token.i === (el.i + 2)) && (token.j === (el.j + 2))) {\n            counter += 1;\n          }\n          if ((token.i === (el.i + 3)) && (token.j 
[...]
"type":"if","locations":[{"start":{"line":113,"column":24},"end":{"line":115,"column":25}},{"start":{"line":113,"column":24},"end":{"line":115,"column":25}}],"line":113},"25":{"loc":{"start":{"line":113,"column":28},"end":{"line":113,"column":67}},"type":"binary-expr","locations":[{"start":{"line":113,"column":28},"end":{"line":113,"column":40}},{"start":{"line":113,"column":44},"end":{"line":113,"column":67}}],"line":113},"26":{"loc":{"start":{"line":125,"column":12},"end":{"line":127,"column":13}},"type":"if","locations":[{"start":{"line":125,"column":12},"end":{"line":127,"column":13}},{"start":{"line":125,"column":12},"end":{"line":127,"column":13}}],"line":125},"27":{"loc":{"start":{"line":125,"column":16},"end":{"line":125,"column":55}},"type":"binary-expr","locations":[{"start":{"line":125,"column":16},"end":{"line":125,"column":28}},{"start":{"line":125,"column":32},"end":{"line":125,"column":55}}],"line":125},"28":{"loc":{"start":{"line":131,"column":16},"end":{"line":147,"column":17}},"type":"if","locations":[{"start":{"line":131,"column":16},"end":{"line":147,"column":17}},{"start":{"line":131,"column":16},"end":{"line":147,"column":17}}],"line":131},"29":{"loc":{"start":{"line":131,"column":20},"end":{"line":131,"column":51}},"type":"binary-expr","locations":[{"start":{"line":131,"column":21},"end":{"line":131,"column":32}},{"start":{"line":131,"column":38},"end":{"line":131,"column":50}}],"line":131},"30":{"loc":{"start":{"line":132,"column":20},"end":{"line":143,"column":21}},"type":"if","locations":[{"start":{"line":132,"column":20},"end":{"line":143,"column":21}},{"start":{"line":132,"column":20},"end":{"line":143,"column":21}}],"line":132},"31":{"loc":{"start":{"line":134,"column":24},"end":{"line":138,"column":25}},"type":"if","locations":[{"start":{"line":134,"column":24},"end":{"line":138,"column":25}},{"start":{"line":134,"column":24},"end":{"line":138,"column":25}}],"line":134},"32":{"loc":{"start":{"line":134,"column":28},"end":{"line":136,"column":54}},"type":"binary-expr","locations":[{"start":{"line":134,"column":28},"end":{"line":134,"column":40}},{"start":{"line":135,"column":31},"end":{"line":135,"column":54}},{"start":{"line":136,"column":31},"end":{"line":136,"column":54}}],"line":134},"33":{"loc":{"start":{"line":149,"column":12},"end":{"line":153,"column":13}},"type":"if","locations":[{"start":{"line":149,"column":12},"end":{"line":153,"column":13}},{"start":{"line":149,"column":12},"end":{"line":153,"column":13}}],"line":149},"34":{"loc":{"start":{"line":149,"column":16},"end":{"line":151,"column":42}},"type":"binary-expr","locations":[{"start":{"line":149,"column":16},"end":{"line":149,"column":28}},{"start":{"line":150,"column":19},"end":{"line":150,"column":42}},{"start":{"line":151,"column":19},"end":{"line":151,"column":42}}],"line":149},"35":{"loc":{"start":{"line":155,"column":8},"end":{"line":157,"column":9}},"type":"if","locations":[{"start":{"line":155,"column":8},"end":{"line":157,"column":9}},{"start":{"line":155,"column":8},"end":{"line":157,"column":9}}],"line":155},"36":{"loc":{"start":{"line":158,"column":8},"end":{"line":160,"column":9}},"type":"if","locations":[{"start":{"line":158,"column":8},"end":{"line":160,"column":9}},{"start":{"line":158,"column":8},"end":{"line":160,"column":9}}],"line":158},"37":{"loc":{"start":{"line":161,"column":8},"end":{"line":163,"column":9}},"type":"if","locations":[{"start":{"line":161,"column":8},"end":{"line":163,"column":9}},{"start":{"line":161,"column":8},"end":{"line":163,"column":9}}],"line":161},"38":{"loc":{"start":{"line":169,"column":16},"end":{"line":171,"column":17}},"type":"if","locations":[{"start":{"line":169,"column":16},"end":{"line":171,"column":17}},{"start":{"line":169,"column":16},"end":{"line":171,"column":17}}],"line":169}},"s":{"0":3,"1":81,"2":81,"3":81,"4":0,"5":0,"6":0,"7":0,"8":3,"9":3,"10":0,"11":3,"12":3,"13":0,"14":3,"15":3,"16":3,"17":81,"18":81,"19":3,"20":3,"21":3,"22":3,"23":3,"24":3,"25":3,"26":3,"27":0,"28":9,"29":9,"30":9,"31":9,"32":9,"33":54,"34":54,"35":378,"36":1512,"37":36,"38":342,"39":648,"40":18,"41":324,"42":54,"43":54,"44":45,"45":9,"46":9,"47":42,"48":252,"49":6,"50":36,"51":36,"52":216,"53":36,"54":36,"55":36,"56":36,"57":0,"58":0,"59":0,"60":0,"61":0,"62":0,"63":0,"64":0,"65":0,"66":0,"67":0,"68":0,"69":0,"70":0,"71":0,"72":0,"73":0,"74":0,"75":0,"76":0,"77":0,"78":0,"79":0,"80":0,"81":0,"82":0,"83":0,"84":0,"85":0,"86":0,"87":0,"88":0,"89":0,"90":0,"91":96,"92":96,"93":96,"94":576,"95":576,"96":4032,"97":576,"98":96,"99":6,"100":3},"f":{"0":81,"1":0,"2":0,"3":3,"4":0,"5":3,"6":3,"7":0,"8":9,"9":54,"10":378,"11":1512,"12":648,"13":42,"14":252,"15":216,"16":0,"17":96,"18":6},"b":{"0":[3,3,3],"1":[3,0],"2":[81,0],"3":[0,0],"4":[3,3,3],"5":[3,0],"6":[3,3,3],"7":[0,3],"8":[3,3],"9":[3,0],"10":[81,0],"11":[81,81],"12":[36,342],"13":[1512,252],"14":[18,324],"15":[648,108],"16":[45,9],"17":[6,36],"18":[36,180],"19":[216,126],"20":[0,0,0],"21":[0,0],"22":[0,0],"23":[0,0],"24":[0,0],"25":[0,0],"26":[0,0],"27":[0,0],"28":[0,0],"29":[0,0],"30":[0,0],"31":[0,0],"32":[0,0,0],"33":[0,0],"34":[0,0,0],"35":[0,0],"36":[0,0],"37":[0,0],"38":[576,3456]},"inputSourceMap":{"version":3,"file":"/home/eric/Documentos/DSI_2022/P05/src/ejercicio-2/connectFourGame.class.ts","sources":["/home/eric/Documentos/DSI_2022/P05/src/ejercicio-2/connectFourGame.class.ts"],"names":[],"mappings":";;;;;;;;;;;;;;;;;;;;;;AAAA,kDAAoC;AAIpC;;;;;;;;;;;;;;;;;GAiBG;AAEH,MAAa,eAAe;IAO1B,YAAY,OAA0B,EAAE,OAA0B;QAChE,IAAI,CAAC,OAAO,GAAG,OAAO,CAAC;QACvB,IAAI,CAAC,OAAO,GAAG,OAAO,CAAC;QACvB,IAAI,CAAC,KAAK,GAAG;YACX,CAAC,IAAI,EAAE,IAAI,EAAE,IAAI,EAAE,IAAI,EAAE,IAAI,EAAE,IAAI,EAAE,IAAI,CAAC;YAC1C,CAAC,IAAI,EAAE,IAAI,EAAE,IAAI,EAAE,IAAI,EAAE,IAAI,EAAE,IAAI,EAAE,IAAI,CAAC;YAC1C,CAAC,IAAI,EAAE,IAAI,EAAE,IAAI,EAAE,IAAI,EAAE,IAAI,EAAE,IAAI,EAAE,IAAI,CAAC;YAC1C,CAAC,IAAI,EAAE,IAAI,EAAE,IAAI,EAAE,IAAI,EAAE,IAAI,EAAE,IAAI,EAAE,IAAI,CAAC;YAC1C,CAAC,IAAI,EAAE,IAAI,EAAE,IAAI,EAAE,IAAI,EAAE,IAAI,EAAE,IAAI,EAAE,IAAI,CAAC;YAC1C,CAAC,IAAI,EAAE,IAAI,EAAE,IAAI,EAAE,IAAI,EAAE,IAAI,EAAE,IAAI,EAAE,IAAI,CAAC;SAC3C,CAAC;IACJ,CAAC;IAED,KAAK;QACH,OAAO,IAAI,CAAC,OAAO,CAAC,SAAS,EAAE,CAAC,MAAM,GAAG,IAAI,CAAC,OAAO,CAAC,SAAS,EAAE,CAAC,MAAM,KAAK,EAAE,CAAC;IAClF,CAAC;IAED,KAAK;QACH,OAAO,CAAC,GAAG,CACT,qBAAqB,IAAI,CAAC,OAAO,CAAC,OAAO,EAAE,kBAAkB,IAAI,CAAC,OAAO,CAAC,OAAO,EAAE,QAAQ;cACzF,KAAK,IAAI,CAAC,OAAO,CAAC,SAAS,EAAE,CAAC,MAAM,GAAG,IAAI,CAAC,OAAO,CAAC,SAAS,EAAE,CAAC,MAAM,gBAAgB,CACzF,CAAC;QACF,IAAI,SAAS,GAAW,EAAE,CAAC;QAC3B,SAAS,IAAI,mCAAmC,CAAC;QACjD,SAAS,IAAI,iCAAiC,CAAC;QAC/C,IAAI,CAAC,KAAK,CAAC,OAAO,CAAC,CAAC,GAAG,EAAE,CAAC,EAAE,EAAE;YAC5B,SAAS,IAAI,GAAG,CAAC;YACjB,GAAG,CAAC,OAAO,CAAC,CAAC,GAAG,EAAE,CAAC,EAAE,EAAE;gBACrB,IAAI,IAAI,CAAC,OAAO,CAAC,SAAS,EAAE,CAAC,MAAM,CAAC,CAAC,EAAE,EAAE,EAAE,CAAC,EAAE,CAAC,CAAC,KAAK,CAAC,IAAI,EAAE,CAAC,CAAC,KAAK,CAAC,CAAC,CAAC,MAAM,GAAG,CAAC,EAAE;oBAChF,SAAS,IAAI,gBAAgB,CAAC;iBAC/B;qBAAM,IAAI,IAAI,CAAC,OAAO,CAAC,SAAS,EAAE,CAAC,MAAM,CAAC,CAAC,EAAE,EAAE,EAAE,CAAC,EAAE,CAAC,CAAC,KAAK,CAAC,IAAI,EAAE,CAAC,CAAC,KAAK,CAAC,CAAC,CAAC,MAAM,GAAG,CAAC,EAAE;oBACvF,SAAS,IAAI,gBAAgB,CAAC;iBAC/B;qBAAM;oBACL,SAAS,IAAI,MAAM,CAAC;iBACrB;YACH,CAAC,CAAC,CAAC;YACH,SAAS,IAAI,IAAI,CAAC;YAElB,IAAI,CAAC,KAAK,CAAC,EAAE;gBACX,SAAS,IAAI,iCAAiC,CAAC;aAChD;QACH,CAAC,CAAC,CAAC;QACH,SAAS,IAAI,iCAAiC,CAAC;QAC/C,OAAO,CAAC,GAAG,CAAC,SAAS,CAAC,CAAC;IACzB,CAAC;IAED,WAAW,CAAC,GAAW,EAAE,MAAyB;QAChD,IAAI,IAAI,CAAC,SAAS,CAAC,GAAG,GAAG,CAAC,CAAC,CAAC,MAAM,CAAC,CAAC,EAAE,EAAE,EAAE,CAAC,EAAE,CAAC,CAAC,MAAM,KAAK,CAAC,EAAE;YAAE,OAAO,KAAK,CAAC;SAAE;QAC9E,IAAI,KAAK,GAAY,KAAK,CAAC;QAC3B,IAAI,CAAC,SAAS,CAAC,GAAG,GAAG,CAAC,CAAC;aACpB,OAAO,EAAE;aACT,OAAO,CAAC,CAAC,EAAE,EAAE,GAAG,EAAE,EAAE;YACnB,IAAI,CAAC,EAAE,KAAK,IAAI,CAAC,IAAI,CAAC,KAAK,KAAK,KAAK,CAAC,EAAE;gBACtC,KAAK,GAAG,IAAI,CAAC;gBACb,IAAI,CAAC,KAAK,CAAC,CAAC,GAAG,GAAG,CAAC,CAAC,GAAG,GAAG,CAAC,CAAC,GAAG,KAAK,CAAC;gBACrC,MAAM,CAAC,QAAQ,CAAC,EAAE,CAAC,EAAE,CAAC,GAAG,GAAG,EAAE,CAAC,EAAE,GAAG,GAAG,CAAC,EAAE,CAAC,CAAC;aAC7C;QACH,CAAC,CAAC,CAAC;QACL,OAAO,IAAI,CAAC;IACd,CAAC;IAED,OAAO;QACL,OAAO,CAAC,IAAI,CAAC,KAAK,EAAE;eACjB,CAAC,IAAI,CAAC,OAAO,CAAC,QAAQ,EAAE;eACxB,CAAC,IAAI,CAAC,OAAO,CAAC,QAAQ,EAAE,EAAE;YAC3B,IAAI,EAAE,GAAY,KAAK,CAAC;YACxB,IAAI,MAAM,GAAW,EAAE,CAAC;YACxB,OAAO,CAAC,EAAE,EAAE;gBACV,MAAM,GAAG,EAAE,CAAC,QAAQ,CAAC,QAAQ,IAAI,CAAC,OAAO,CAAC,OAAO,EAAE,4BAA4B,CAAC,CAAC;gBACjF,IAAI,CAAC,CAAC,MAAM,GAAG,CAAC,CAAC,IAAI,CAAC,CAAC,MAAM,IAAI,CAAC,CAAC,EAAE;oBACnC,IAAI,IAAI,CAAC,WAAW,CAAC,CAAC,MAAM,EAAE,IAAI,CAAC,OAAO,CAAC,EAAE;wBAC3C,IAAI,CAAC,KAAK,EAAE,CAAC;wBACb,EAAE,GAAG,IAAI,CAAC;wBACV,IAAI,IAAI,CAAC,KAAK,EAAE,IAAI,IAAI,CAAC,OAAO,CAAC,QAAQ,EAAE,EAAE;4BAC3C,MAAM;yBACP;qBACF;yBAAM;wBACL,OAAO,CAAC,GAAG,CAAC,UAAU,CAAC,MAAM,yCAAyC,CAAC,CAAC;qBACzE;iBACF;qBAAM;oBACL,OAAO,CAAC,GAAG,CAAC,UAAU,CAAC,MAAM,qDAAqD,CAAC,CAAC;iBACrF;aACF;YAED,IAAI,IAAI,CAAC,KAAK,EAAE,IAAI,IAAI,CAAC,OAAO,CAAC,QAAQ,EAAE,EAAE;gBAC3C,MAAM;aACP;YAED,EAAE,GAAG,KAAK,CAAC;YAEX,OAAO,CAAC,EAAE,EAAE;gBACV,MAAM,GAAG,EAAE,CAAC,QAAQ,CAAC,QAAQ,IAAI,CAAC,OAAO,CAAC,OAAO,EAAE,4BAA4B,CAAC,CAAC;gBACjF,IAAI,CAAC,CAAC,MAAM,GAAG,CAAC,CAAC,IAAI,CAAC,CAAC,MAAM,IAAI,CAAC,CAAC,EAAE;oBACnC,IAAI,IAAI,CAAC,WAAW,CAAC,CAAC,MAAM,EAAE,IAAI,CAAC,OAAO,CAAC,EAAE;wBAC3C,IAAI,CAAC,KAAK,EAAE,CAAC;wBACb,IAAI,IAAI,CAAC,KAAK,EAAE;+BACX,IAAI,CAAC,OAAO,CAAC,QAAQ,EAAE;+BACvB,IAAI,CAAC,OAAO,CAAC,QAAQ,EAAE,EAAE;4BAC5B,MAAM;yBACP;wBACD,EAAE,GAAG,IAAI,CAAC;qBACX;yBAAM;wBACL,OAAO,CAAC,GAAG,CAAC,UAAU,CAAC,MAAM,yCAAyC,CAAC,CAAC;qBACzE;iBACF;qBAAM;oBACL,OAAO,CAAC,GAAG,CAAC,UAAU,CAAC,MAAM,qDAAqD,CAAC,CAAC;iBACrF;aACF;YAED,IAAI,IAAI,CAAC,KAAK,EAAE;mBACX,IAAI,CAAC,OAAO,CAAC,QAAQ,EAAE;mBACvB,IAAI,CAAC,OAAO,CAAC,QAAQ,EAAE,EAAE;gBAC5B,MAAM;aACP;SACF;QACD,IAAI,IAAI,CAAC,OAAO,CAAC,QAAQ,EAAE,EAAE;YAC3B,OAAO,CAAC,GAAG,CAAC,QAAQ,IAAI,CAAC,OAAO,CAAC,OAAO,EAAE,MAAM,CAAC,CAAC;SACnD;QACD,IAAI,IAAI,CAAC,OAAO,CAAC,QAAQ,EAAE,EAAE;YAC3B,OAAO,CAAC,GAAG,CAAC,QAAQ,IAAI,CAAC,OAAO,CAAC,OAAO,EAAE,MAAM,CAAC,CAAC;SACnD;QACD,IAAI,IAAI,CAAC,KAAK,EAAE,EAAE;YAChB,OAAO,CAAC,GAAG,CAAC,yCAAyC,CAAC,CAAC;SACxD;IACH,CAAC;IAED,SAAS,CAAC,GAAW;QACnB,MAAM,MAAM,GAAc,EAAE,CAAC;QAC7B,KAAK,IAAI,CAAC,GAAW,CAAC,EAAE,CAAC,GAAG,CAAC,EAAE,CAAC,IAAI,CAAC,EAAE;YACrC,KAAK,IAAI,CAAC,GAAW,CAAC,EAAE,CAAC,GAAG,CAAC,EAAE,CAAC,IAAI,CAAC,EAAE;gBACrC,IAAI,CAAC,KAAK,GAAG,EAAE;oBACb,MAAM,CAAC,IAAI,CAAC,IAAI,CAAC,KAAK,CAAC,CAAC,CAAC,CAAC,CAAC,CAAC,CAAC,CAAC;iBAC/B;aACF;SACF;QACD,OAAO,MAAM,CAAC;IAChB,CAAC;IAED,QAAQ,KAAkB,OAAO,IAAI,CAAC,KAAK,CAAC,CAAC,CAAC;CAC/C;AAlJD,0CAkJC","sourcesContent":["import * as rl from 'readline-sync';\nimport { ConnectFourPlayer } from \"./connectFourPlayer.class\"; // eslint-disable-line\nimport { GameActions, GameStatus, PrintableGame } from \"./game.interfaces\"; // eslint-disable-line\n\n/**\n * # Connect four Game Class | Primary parent class\n *\n * ## Implements\n *\n * - GameStatus\n * - GameActions\n * - PrintableGame\n *\n * ## Features\n *\n * - playerA | ConnectFourPlayer object (stores token positions)\n * - playerB | ConnectFourPlayer object (stores token positions)\n * - slots | Array of booleans (marks played positions)\n *\n * ## Methods\n * - runGame(void) | Starts a game between the two players\n */\n\nexport class ConnectFourGame implements GameStatus, GameActions, PrintableGame {\n  private playerA: ConnectFourPlayer;\n\n  private playerB: ConnectFourPlayer;\n\n  private slots: boolean[][];\n\n  constructor(playerA: ConnectFourPlayer, playerB: ConnectFourPlayer) {\n    this.playerA = playerA;\n    this.playerB = playerB;\n    this.slots = [\n      [true, true, true, true, true, true, true],\n      [true, true, true, true, true, true, true],\n      [true, true, true, true, true, true, true],\n      [true, true, true, true, true, true, true],\n      [true, true, true, true, true, true, true],\n      [true, true, true, true, true, true, true],\n    ];\n  }\n\n  isTie(): boolean {\n    return this.playerA.getTokens().length + this.playerA.getTokens().length === 42;\n  }\n\n  print(): void {\n    console.log(\n      `Game between \u001b[31m${this.playerA.getName()}\u001b[37m and \u001b[33m${this.playerB.getName()}\u001b[37m `\n      + `| ${this.playerA.getTokens().length + this.playerB.getTokens().length} tokens inside`,\n    );\n    let rowString: string = '';\n    rowString += '\\n  1   2   3   4   5   6   7  \\n';\n    rowString += '┌───┬───┬───┬───┬───┬───┬───┐\\n';\n    this.slots.forEach((row, i) => {\n      rowString += '│';\n      row.forEach((col, j) => {\n        if (this.playerA.getTokens().filter((el) => el.i === i && el.j === j).length > 0) {\n          rowString += ' \u001b[31m■\u001b[37m │';\n        } else if (this.playerB.getTokens().filter((el) => el.i === i && el.j === j).length > 0) {\n          rowString += ' \u001b[33m■\u001b[37m │';\n        } else {\n          rowString += '   │';\n        }\n      });\n      rowString += '\\n';\n\n      if (i !== 5) {\n        rowString += '├───┼───┼───┼───┼───┼───┼───┤\\n';\n      }\n    });\n    rowString += '└───┴───┴───┴───┴───┴───┴───┘\\n';\n    console.log(rowString);\n  }\n\n  insertToken(col: number, player: ConnectFourPlayer): boolean {\n    if (this.getColumn(col - 1).filter((el) => el).length === 0) { return false; }\n    let moved: boolean = false;\n    this.getColumn(col - 1)\n      .reverse()\n      .forEach((el, row) => {\n        if ((el === true) && (moved === false)) {\n          moved = true;\n          this.slots[5 - row][col - 1] = false;\n          player.makeMove({ i: 5 - row, j: col - 1 });\n        }\n      });\n    return true;\n  }\n\n  runGame(): void {\n    while (!this.isTie()\n    && !this.playerA.isWinner()\n    && !this.playerB.isWinner()) {\n      let ok: boolean = false;\n      let column: string = '';\n      while (!ok) {\n        column = rl.question(`It's ${this.playerA.getName()}'s turn, insert a column: `);\n        if ((+column > 0) && (+column <= 7)) {\n          if (this.insertToken(+column, this.playerA)) {\n            this.print();\n            ok = true;\n            if (this.isTie() || this.playerA.isWinner()) {\n              break;\n            }\n          } else {\n            console.log(`Column ${+column} is full, please choose another one ...`);\n          }\n        } else {\n          console.log(`Column ${+column} is out of boundries, please choose another one ...`);\n        }\n      }\n\n      if (this.isTie() || this.playerA.isWinner()) {\n        break;\n      }\n\n      ok = false;\n\n      while (!ok) {\n        column = rl.question(`It's ${this.playerB.getName()}'s turn, insert a column: `);\n        if ((+column > 0) && (+column <= 7)) {\n          if (this.insertToken(+column, this.playerB)) {\n            this.print();\n            if (this.isTie()\n              || this.playerA.isWinner()\n              || this.playerB.isWinner()) {\n              break;\n            }\n            ok = true;\n          } else {\n            console.log(`Column ${+column} is full, please choose another one ...`);\n          }\n        } else {\n          console.log(`Column ${+column} is out of boundries, please choose another one ...`);\n        }\n      }\n\n      if (this.isTie()\n        || this.playerA.isWinner()\n        || this.playerB.isWinner()) {\n        break;\n      }\n    }\n    if (this.playerA.isWinner()) {\n      console.log(`Wins ${this.playerA.getName()}!!!!`);\n    }\n    if (this.playerB.isWinner()) {\n      console.log(`Wins ${this.playerB.getName()}!!!!`);\n    }\n    if (this.isTie()) {\n      console.log('There was a tie between the players ...');\n    }\n  }\n\n  getColumn(col: number): boolean[] {\n    const column: boolean[] = [];\n    for (let i: number = 0; i < 6; i += 1) {\n      for (let j: number = 0; j < 7; j += 1) {\n        if (j === col) {\n          column.push(this.slots[i][j]);\n        }\n      }\n    }\n    return column;\n  }\n\n  getBoard(): boolean[][] { return this.slots; }\n}\n"]},"_coverageSchema":"1a1c01bbd47fc00a2c39e90264f33305004495a9","hash":"c5ddb5e8e03320dcca8d8873e88bb5534246f273","contentHash":"c9115f8ec20b35069d947f15858d595fa8294d5b354110792fb904b4efb3018e"},"/home/eric/Documentos/DSI_2022/P05/src/ejercicio-PE103/hexadecimal.class.ts":{"path":"/home/eric/Documentos/DSI_2022/P05/src/ejercicio-PE103/hexadecimal.class.ts","statementMap":{"0":{"start":{"line":2,"column":0},"end":{"line":2,"column":62}},"1":{"start":{"line":3,"column":0},"end":{"line":3,"column":29}},"2":{"start":{"line":9,"column":8},"end":{"line":9,"column":37}},"3":{"start":{"line":12,"column":8},"end":{"line":12,"column":65}},"4":{"start":{"line":15,"column":8},"end":{"line":15,"column":65}},"5":{"start":{"line":18,"column":8},"end":{"line":18,"column":31}},"6":{"start":{"line":21,"column":8},"end":{"line":21,"column":51}},"7":{"start":{"line":23,"column":17},"end":{"line":23,"column":29}},"8":{"start":{"line":25,"column":0},"end":{"line":25,"column":34}}},"fnMap":{"0":{"name":"(anonymous_0)","decl":{"start":{"line":8,"column":4},"end":{"line":8,"column":5}},"loc":{"start":{"line":8,"column":32},"end":{"line":10,"column":5}},"line":8},"1":{"name":"(anonymous_1)","decl":{"start":{"line":11,"column":4},"end":{"line":11,"column":5}},"loc":{"start":{"line":11,"column":14},"end":{"line":13,"column":5}},"line":11},"2":{"name":"(anonymous_2)","decl":{"start":{"line":14,"column":4},"end":{"line":14,"column":5}},"loc":{"start":{"line":14,"column":19},"end":{"line":16,"column":5}},"line":14},"3":{"name":"(anonymous_3)","decl":{"start":{"line":17,"column":4},"end":{"line":17,"column":5}},"loc":{"start":{"line":17,"column":14},"end":{"line":19,"column":5}},"line":17},"4":{"name":"(anonymous_4)","decl":{"start":{"line":20,"column":4},"end":{"line":20,"column":5}},"loc":{"start":{"line":20,"column":15},"end":{"line":22,"column":5}},"line":20},"5":{"name":"(anonymous_5)","decl":{"start":{"line":23,"column":4},"end":{"line":23,"column":5}},"loc":{"start":{"line":23,"column":15},"end":{"line":23,"column":31}},"line":23}},"branchMap":{"0":{"loc":{"start":{"line":8,"column":16},"end":{"line":8,"column":30}},"type":"default-arg","locations":[{"start":{"line":8,"column":29},"end":{"line":8,"column":30}}],"line":8}},"s":{"0":3,"1":3,"2":24,"3":6,"4":6,"5":21,"6":12,"7":3,"8":3},"f":{"0":24,"1":6,"2":6,"3":21,"4":12,"5":3},"b":{"0":[3]},"inputSourceMap":{"version":3,"file":"/home/eric/Documentos/DSI_2022/P05/src/ejercicio-PE103/hexadecimal.class.ts","sources":["/home/eric/Documentos/DSI_2022/P05/src/ejercicio-PE103/hexadecimal.class.ts"],"names":[],"mappings":";;;AAOA;;GAEG;AACH,MAAa,WAAW;IAGtB,YAAY,aAAqB,CAAC;QAChC,IAAI,CAAC,UAAU,GAAG,UAAU,CAAC;IAC/B,CAAC,CAAC,sBAAsB;IAExB,GAAG,CAAC,IAAiB;QACnB,OAAO,IAAI,WAAW,CAAC,IAAI,CAAC,UAAU,GAAG,IAAI,CAAC,OAAO,EAAE,CAAC,CAAC;IAC3D,CAAC;IAED,QAAQ,CAAC,IAAiB;QACxB,OAAO,IAAI,WAAW,CAAC,IAAI,CAAC,UAAU,GAAG,IAAI,CAAC,OAAO,EAAE,CAAC,CAAC;IAC3D,CAAC;IAED,OAAO;QACL,OAAO,IAAI,CAAC,UAAU,CAAC;IACzB,CAAC;IAED,QAAQ;QACN,OAAO,KAAK,IAAI,CAAC,UAAU,CAAC,QAAQ,CAAC,EAAE,CAAC,EAAE,CAAC;IAC7C,CAAC;IAED,KAAK,CAAC,GAAW,IAAY,OAAO,CAAC,GAAG,CAAC,CAAC,CAAC;CAC5C;AAxBD,kCAwBC","sourcesContent":["import {\n  Operable,\n  ToNatural,\n  ParsableObject,\n  ToStringValue,\n} from './hexadecimal.interfaces'; // eslint-disable-line\n\n/**\n * # Hexadecimal | Primary Class\n */\nexport class Hexadecimal implements Operable, ToNatural, ParsableObject, ToStringValue {\n  private readonly naturalNum: number;\n\n  constructor(naturalNum: number = 0) {\n    this.naturalNum = naturalNum;\n  } // eslint-disable-line\n\n  add(objB: Hexadecimal): Hexadecimal {\n    return new Hexadecimal(this.naturalNum + objB.valueOf());\n  }\n\n  subtract(objB: Hexadecimal): Hexadecimal {\n    return new Hexadecimal(this.naturalNum - objB.valueOf());\n  }\n\n  valueOf(): number {\n    return this.naturalNum;\n  }\n\n  toString(): string {\n    return `0x${this.naturalNum.toString(16)}`;\n  }\n\n  parse(obj: string): number { return +obj; }\n}\n"]},"_coverageSchema":"1a1c01bbd47fc00a2c39e90264f33305004495a9","hash":"3b0e8e84d40cbc43e24f1fb4e32fc8ca46f2cac6","contentHash":"47237ff125c3fe90d028dd997512278c0ee0c058eb136d31aef864fd8cded80c"}}